[     949ms] [WARNING] AuthProvider context is undefined, please verify you are calling useAuth() as child of a <AuthProvider> component. @ http://localhost:3001/node_modules/.vite/deps/react-oidc-context.js?v=95bfeb26:3806
[     950ms] [WARNING] AuthProvider context is undefined, please verify you are calling useAuth() as child of a <AuthProvider> component. @ http://localhost:3001/node_modules/.vite/deps/react-oidc-context.js?v=95bfeb26:3806
[     951ms] [WARNING] AuthProvider context is undefined, please verify you are calling useAuth() as child of a <AuthProvider> component. @ http://localhost:3001/node_modules/.vite/deps/react-oidc-context.js?v=95bfeb26:3806
[     952ms] [WARNING] AuthProvider context is undefined, please verify you are calling useAuth() as child of a <AuthProvider> component. @ http://localhost:3001/node_modules/.vite/deps/react-oidc-context.js?v=95bfeb26:3806
[     954ms] [WARNING] AuthProvider context is undefined, please verify you are calling useAuth() as child of a <AuthProvider> component. @ http://localhost:3001/node_modules/.vite/deps/react-oidc-context.js?v=95bfeb26:3806
[     963ms] [WARNING] AuthProvider context is undefined, please verify you are calling useAuth() as child of a <AuthProvider> component. @ http://localhost:3001/node_modules/.vite/deps/react-oidc-context.js?v=95bfeb26:3806
[     966ms] [WARNING] AuthProvider context is undefined, please verify you are calling useAuth() as child of a <AuthProvider> component. @ http://localhost:3001/node_modules/.vite/deps/react-oidc-context.js?v=95bfeb26:3806
[   26882ms] [WARNING] AuthProvider context is undefined, please verify you are calling useAuth() as child of a <AuthProvider> component. @ http://localhost:3001/node_modules/.vite/deps/react-oidc-context.js?v=95bfeb26:3806
[   70035ms] [WARNING] AuthProvider context is undefined, please verify you are calling useAuth() as child of a <AuthProvider> component. @ http://localhost:3001/node_modules/.vite/deps/react-oidc-context.js?v=95bfeb26:3806
[  127775ms] [WARNING] AuthProvider context is undefined, please verify you are calling useAuth() as child of a <AuthProvider> component. @ http://localhost:3001/node_modules/.vite/deps/react-oidc-context.js?v=95bfeb26:3806
[  128582ms] [WARNING] AuthProvider context is undefined, please verify you are calling useAuth() as child of a <AuthProvider> component. @ http://localhost:3001/node_modules/.vite/deps/react-oidc-context.js?v=95bfeb26:3806
[  129197ms] [WARNING] AuthProvider context is undefined, please verify you are calling useAuth() as child of a <AuthProvider> component. @ http://localhost:3001/node_modules/.vite/deps/react-oidc-context.js?v=95bfeb26:3806
[  131131ms] [WARNING] AuthProvider context is undefined, please verify you are calling useAuth() as child of a <AuthProvider> component. @ http://localhost:3001/node_modules/.vite/deps/react-oidc-context.js?v=95bfeb26:3806
[  131882ms] [WARNING] AuthProvider context is undefined, please verify you are calling useAuth() as child of a <AuthProvider> component. @ http://localhost:3001/node_modules/.vite/deps/react-oidc-context.js?v=95bfeb26:3806
[  140666ms] [ERROR] A component is changing an uncontrolled input to be controlled. This is likely caused by the value changing from undefined to a defined value, which should not happen. Decide between using a controlled or uncontrolled input element for the lifetime of the component. More info: https://react.dev/link/controlled-components @ http://localhost:3001/node_modules/.vite/deps/react-dom_client.js?v=95bfeb26:14863
[  146988ms] [WARNING] AuthProvider context is undefined, please verify you are calling useAuth() as child of a <AuthProvider> component. @ http://localhost:3001/node_modules/.vite/deps/react-oidc-context.js?v=95bfeb26:3806
[  148459ms] [WARNING] AuthProvider context is undefined, please verify you are calling useAuth() as child of a <AuthProvider> component. @ http://localhost:3001/node_modules/.vite/deps/react-oidc-context.js?v=95bfeb26:3806
[  150413ms] [ERROR] MissingTranslationError: [@formatjs/intl Error MISSING_TRANSLATION] Missing message: "flexibleLineType_corridorService" for locale "en", using id as fallback.

    at new MissingTranslationError (http://localhost:3001/node_modules/.vite/deps/react-intl.js?v=95bfeb26:12110:5)
    at formatMessage (http://localhost:3001/node_modules/.vite/deps/react-intl.js?v=95bfeb26:12289:15)
    at formatMessage2 (http://localhost:3001/node_modules/.vite/deps/react-intl.js?v=95bfeb26:12880:18)
    at http://localhost:3001/src/components/FlexibleLineTypeSelector/FlexibleLineTypeSelector.tsx?t=1770393515650:26:14
    at Array.map (<anonymous>)
    at http://localhost:3001/src/components/FlexibleLineTypeSelector/FlexibleLineTypeSelector.tsx?t=1770393515650:24:36
    at FlexibleLineTypeSelector (http://localhost:3001/src/components/FlexibleLineTypeSelector/FlexibleLineTypeSelector.tsx?t=1770393515650:31:17)
    at Object.react_stack_bottom_frame (http://localhost:3001/node_modules/.vite/deps/react-dom_client.js?v=95bfeb26:18509:20)
    at renderWithHooks (http://localhost:3001/node_modules/.vite/deps/react-dom_client.js?v=95bfeb26:5654:24)
    at updateFunctionComponent (http://localhost:3001/node_modules/.vite/deps/react-dom_client.js?v=95bfeb26:7475:21) @ http://localhost:3001/node_modules/.vite/deps/react-intl.js?v=95bfeb26:12132
[  150414ms] [ERROR] MissingTranslationError: [@formatjs/intl Error MISSING_TRANSLATION] Missing message: "flexibleLineType_mainRouteWithFlexibleEnds" for locale "en", using id as fallback.

    at new MissingTranslationError (http://localhost:3001/node_modules/.vite/deps/react-intl.js?v=95bfeb26:12110:5)
    at formatMessage (http://localhost:3001/node_modules/.vite/deps/react-intl.js?v=95bfeb26:12289:15)
    at formatMessage2 (http://localhost:3001/node_modules/.vite/deps/react-intl.js?v=95bfeb26:12880:18)
    at http://localhost:3001/src/components/FlexibleLineTypeSelector/FlexibleLineTypeSelector.tsx?t=1770393515650:26:14
    at Array.map (<anonymous>)
    at http://localhost:3001/src/components/FlexibleLineTypeSelector/FlexibleLineTypeSelector.tsx?t=1770393515650:24:36
    at FlexibleLineTypeSelector (http://localhost:3001/src/components/FlexibleLineTypeSelector/FlexibleLineTypeSelector.tsx?t=1770393515650:31:17)
    at Object.react_stack_bottom_frame (http://localhost:3001/node_modules/.vite/deps/react-dom_client.js?v=95bfeb26:18509:20)
    at renderWithHooks (http://localhost:3001/node_modules/.vite/deps/react-dom_client.js?v=95bfeb26:5654:24)
    at updateFunctionComponent (http://localhost:3001/node_modules/.vite/deps/react-dom_client.js?v=95bfeb26:7475:21) @ http://localhost:3001/node_modules/.vite/deps/react-intl.js?v=95bfeb26:12132
[  150414ms] [ERROR] MissingTranslationError: [@formatjs/intl Error MISSING_TRANSLATION] Missing message: "flexibleLineType_hailAndRideSections" for locale "en", using id as fallback.

    at new MissingTranslationError (http://localhost:3001/node_modules/.vite/deps/react-intl.js?v=95bfeb26:12110:5)
    at formatMessage (http://localhost:3001/node_modules/.vite/deps/react-intl.js?v=95bfeb26:12289:15)
    at formatMessage2 (http://localhost:3001/node_modules/.vite/deps/react-intl.js?v=95bfeb26:12880:18)
    at http://localhost:3001/src/components/FlexibleLineTypeSelector/FlexibleLineTypeSelector.tsx?t=1770393515650:26:14
    at Array.map (<anonymous>)
    at http://localhost:3001/src/components/FlexibleLineTypeSelector/FlexibleLineTypeSelector.tsx?t=1770393515650:24:36
    at FlexibleLineTypeSelector (http://localhost:3001/src/components/FlexibleLineTypeSelector/FlexibleLineTypeSelector.tsx?t=1770393515650:31:17)
    at Object.react_stack_bottom_frame (http://localhost:3001/node_modules/.vite/deps/react-dom_client.js?v=95bfeb26:18509:20)
    at renderWithHooks (http://localhost:3001/node_modules/.vite/deps/react-dom_client.js?v=95bfeb26:5654:24)
    at updateFunctionComponent (http://localhost:3001/node_modules/.vite/deps/react-dom_client.js?v=95bfeb26:7475:21) @ http://localhost:3001/node_modules/.vite/deps/react-intl.js?v=95bfeb26:12132
[  150414ms] [ERROR] MissingTranslationError: [@formatjs/intl Error MISSING_TRANSLATION] Missing message: "flexibleLineType_fixedStopAreaWide" for locale "en", using id as fallback.

    at new MissingTranslationError (http://localhost:3001/node_modules/.vite/deps/react-intl.js?v=95bfeb26:12110:5)
    at formatMessage (http://localhost:3001/node_modules/.vite/deps/react-intl.js?v=95bfeb26:12289:15)
    at formatMessage2 (http://localhost:3001/node_modules/.vite/deps/react-intl.js?v=95bfeb26:12880:18)
    at http://localhost:3001/src/components/FlexibleLineTypeSelector/FlexibleLineTypeSelector.tsx?t=1770393515650:26:14
    at Array.map (<anonymous>)
    at http://localhost:3001/src/components/FlexibleLineTypeSelector/FlexibleLineTypeSelector.tsx?t=1770393515650:24:36
    at FlexibleLineTypeSelector (http://localhost:3001/src/components/FlexibleLineTypeSelector/FlexibleLineTypeSelector.tsx?t=1770393515650:31:17)
    at Object.react_stack_bottom_frame (http://localhost:3001/node_modules/.vite/deps/react-dom_client.js?v=95bfeb26:18509:20)
    at renderWithHooks (http://localhost:3001/node_modules/.vite/deps/react-dom_client.js?v=95bfeb26:5654:24)
    at updateFunctionComponent (http://localhost:3001/node_modules/.vite/deps/react-dom_client.js?v=95bfeb26:7475:21) @ http://localhost:3001/node_modules/.vite/deps/react-intl.js?v=95bfeb26:12132
[  150414ms] [ERROR] MissingTranslationError: [@formatjs/intl Error MISSING_TRANSLATION] Missing message: "flexibleLineType_mixedFlexibleAndFixed" for locale "en", using id as fallback.

    at new MissingTranslationError (http://localhost:3001/node_modules/.vite/deps/react-intl.js?v=95bfeb26:12110:5)
    at formatMessage (http://localhost:3001/node_modules/.vite/deps/react-intl.js?v=95bfeb26:12289:15)
    at formatMessage2 (http://localhost:3001/node_modules/.vite/deps/react-intl.js?v=95bfeb26:12880:18)
    at http://localhost:3001/src/components/FlexibleLineTypeSelector/FlexibleLineTypeSelector.tsx?t=1770393515650:26:14
    at Array.map (<anonymous>)
    at http://localhost:3001/src/components/FlexibleLineTypeSelector/FlexibleLineTypeSelector.tsx?t=1770393515650:24:36
    at FlexibleLineTypeSelector (http://localhost:3001/src/components/FlexibleLineTypeSelector/FlexibleLineTypeSelector.tsx?t=1770393515650:31:17)
    at Object.react_stack_bottom_frame (http://localhost:3001/node_modules/.vite/deps/react-dom_client.js?v=95bfeb26:18509:20)
    at renderWithHooks (http://localhost:3001/node_modules/.vite/deps/react-dom_client.js?v=95bfeb26:5654:24)
    at updateFunctionComponent (http://localhost:3001/node_modules/.vite/deps/react-dom_client.js?v=95bfeb26:7475:21) @ http://localhost:3001/node_modules/.vite/deps/react-intl.js?v=95bfeb26:12132
[  150422ms] [ERROR] MissingTranslationError: [@formatjs/intl Error MISSING_TRANSLATION] Missing message: "flexibleLineType_corridorService" for locale "en", using id as fallback.

    at new MissingTranslationError (http://localhost:3001/node_modules/.vite/deps/react-intl.js?v=95bfeb26:12110:5)
    at formatMessage (http://localhost:3001/node_modules/.vite/deps/react-intl.js?v=95bfeb26:12289:15)
    at formatMessage2 (http://localhost:3001/node_modules/.vite/deps/react-intl.js?v=95bfeb26:12880:18)
    at http://localhost:3001/src/components/FlexibleLineTypeSelector/FlexibleLineTypeDrawer.tsx?t=1770393515650:23:71
    at Array.map (<anonymous>)
    at FlexibleLineTypeDrawer (http://localhost:3001/src/components/FlexibleLineTypeSelector/FlexibleLineTypeDrawer.tsx?t=1770393515650:21:33)
    at Object.react_stack_bottom_frame (http://localhost:3001/node_modules/.vite/deps/react-dom_client.js?v=95bfeb26:18509:20)
    at renderWithHooks (http://localhost:3001/node_modules/.vite/deps/react-dom_client.js?v=95bfeb26:5654:24)
    at updateFunctionComponent (http://localhost:3001/node_modules/.vite/deps/react-dom_client.js?v=95bfeb26:7475:21)
    at beginWork (http://localhost:3001/node_modules/.vite/deps/react-dom_client.js?v=95bfeb26:8525:20) @ http://localhost:3001/node_modules/.vite/deps/react-intl.js?v=95bfeb26:12132
[  150423ms] [ERROR] MissingTranslationError: [@formatjs/intl Error MISSING_TRANSLATION] Missing message: "flexibleLineTypeDrawer_corridorService" for locale "en", using id as fallback.

    at new MissingTranslationError (http://localhost:3001/node_modules/.vite/deps/react-intl.js?v=95bfeb26:12110:5)
    at formatMessage (http://localhost:3001/node_modules/.vite/deps/react-intl.js?v=95bfeb26:12289:15)
    at formatMessage2 (http://localhost:3001/node_modules/.vite/deps/react-intl.js?v=95bfeb26:12880:18)
    at http://localhost:3001/src/components/FlexibleLineTypeSelector/FlexibleLineTypeDrawer.tsx?t=1770393515650:30:9
    at Array.map (<anonymous>)
    at FlexibleLineTypeDrawer (http://localhost:3001/src/components/FlexibleLineTypeSelector/FlexibleLineTypeDrawer.tsx?t=1770393515650:21:33)
    at Object.react_stack_bottom_frame (http://localhost:3001/node_modules/.vite/deps/react-dom_client.js?v=95bfeb26:18509:20)
    at renderWithHooks (http://localhost:3001/node_modules/.vite/deps/react-dom_client.js?v=95bfeb26:5654:24)
    at updateFunctionComponent (http://localhost:3001/node_modules/.vite/deps/react-dom_client.js?v=95bfeb26:7475:21)
    at beginWork (http://localhost:3001/node_modules/.vite/deps/react-dom_client.js?v=95bfeb26:8525:20) @ http://localhost:3001/node_modules/.vite/deps/react-intl.js?v=95bfeb26:12132
[  150423ms] [ERROR] MissingTranslationError: [@formatjs/intl Error MISSING_TRANSLATION] Missing message: "flexibleLineType_mainRouteWithFlexibleEnds" for locale "en", using id as fallback.

    at new MissingTranslationError (http://localhost:3001/node_modules/.vite/deps/react-intl.js?v=95bfeb26:12110:5)
    at formatMessage (http://localhost:3001/node_modules/.vite/deps/react-intl.js?v=95bfeb26:12289:15)
    at formatMessage2 (http://localhost:3001/node_modules/.vite/deps/react-intl.js?v=95bfeb26:12880:18)
    at http://localhost:3001/src/components/FlexibleLineTypeSelector/FlexibleLineTypeDrawer.tsx?t=1770393515650:23:71
    at Array.map (<anonymous>)
    at FlexibleLineTypeDrawer (http://localhost:3001/src/components/FlexibleLineTypeSelector/FlexibleLineTypeDrawer.tsx?t=1770393515650:21:33)
    at Object.react_stack_bottom_frame (http://localhost:3001/node_modules/.vite/deps/react-dom_client.js?v=95bfeb26:18509:20)
    at renderWithHooks (http://localhost:3001/node_modules/.vite/deps/react-dom_client.js?v=95bfeb26:5654:24)
    at updateFunctionComponent (http://localhost:3001/node_modules/.vite/deps/react-dom_client.js?v=95bfeb26:7475:21)
    at beginWork (http://localhost:3001/node_modules/.vite/deps/react-dom_client.js?v=95bfeb26:8525:20) @ http://localhost:3001/node_modules/.vite/deps/react-intl.js?v=95bfeb26:12132
[  150424ms] [ERROR] MissingTranslationError: [@formatjs/intl Error MISSING_TRANSLATION] Missing message: "flexibleLineType_hailAndRideSections" for locale "en", using id as fallback.

    at new MissingTranslationError (http://localhost:3001/node_modules/.vite/deps/react-intl.js?v=95bfeb26:12110:5)
    at formatMessage (http://localhost:3001/node_modules/.vite/deps/react-intl.js?v=95bfeb26:12289:15)
    at formatMessage2 (http://localhost:3001/node_modules/.vite/deps/react-intl.js?v=95bfeb26:12880:18)
    at http://localhost:3001/src/components/FlexibleLineTypeSelector/FlexibleLineTypeDrawer.tsx?t=1770393515650:23:71
    at Array.map (<anonymous>)
    at FlexibleLineTypeDrawer (http://localhost:3001/src/components/FlexibleLineTypeSelector/FlexibleLineTypeDrawer.tsx?t=1770393515650:21:33)
    at Object.react_stack_bottom_frame (http://localhost:3001/node_modules/.vite/deps/react-dom_client.js?v=95bfeb26:18509:20)
    at renderWithHooks (http://localhost:3001/node_modules/.vite/deps/react-dom_client.js?v=95bfeb26:5654:24)
    at updateFunctionComponent (http://localhost:3001/node_modules/.vite/deps/react-dom_client.js?v=95bfeb26:7475:21)
    at beginWork (http://localhost:3001/node_modules/.vite/deps/react-dom_client.js?v=95bfeb26:8525:20) @ http://localhost:3001/node_modules/.vite/deps/react-intl.js?v=95bfeb26:12132
[  150424ms] [ERROR] MissingTranslationError: [@formatjs/intl Error MISSING_TRANSLATION] Missing message: "flexibleLineType_fixedStopAreaWide" for locale "en", using id as fallback.

    at new MissingTranslationError (http://localhost:3001/node_modules/.vite/deps/react-intl.js?v=95bfeb26:12110:5)
    at formatMessage (http://localhost:3001/node_modules/.vite/deps/react-intl.js?v=95bfeb26:12289:15)
    at formatMessage2 (http://localhost:3001/node_modules/.vite/deps/react-intl.js?v=95bfeb26:12880:18)
    at http://localhost:3001/src/components/FlexibleLineTypeSelector/FlexibleLineTypeDrawer.tsx?t=1770393515650:23:71
    at Array.map (<anonymous>)
    at FlexibleLineTypeDrawer (http://localhost:3001/src/components/FlexibleLineTypeSelector/FlexibleLineTypeDrawer.tsx?t=1770393515650:21:33)
    at Object.react_stack_bottom_frame (http://localhost:3001/node_modules/.vite/deps/react-dom_client.js?v=95bfeb26:18509:20)
    at renderWithHooks (http://localhost:3001/node_modules/.vite/deps/react-dom_client.js?v=95bfeb26:5654:24)
    at updateFunctionComponent (http://localhost:3001/node_modules/.vite/deps/react-dom_client.js?v=95bfeb26:7475:21)
    at beginWork (http://localhost:3001/node_modules/.vite/deps/react-dom_client.js?v=95bfeb26:8525:20) @ http://localhost:3001/node_modules/.vite/deps/react-intl.js?v=95bfeb26:12132
[  150425ms] [ERROR] MissingTranslationError: [@formatjs/intl Error MISSING_TRANSLATION] Missing message: "flexibleLineType_mixedFlexibleAndFixed" for locale "en", using id as fallback.

    at new MissingTranslationError (http://localhost:3001/node_modules/.vite/deps/react-intl.js?v=95bfeb26:12110:5)
    at formatMessage (http://localhost:3001/node_modules/.vite/deps/react-intl.js?v=95bfeb26:12289:15)
    at formatMessage2 (http://localhost:3001/node_modules/.vite/deps/react-intl.js?v=95bfeb26:12880:18)
    at http://localhost:3001/src/components/FlexibleLineTypeSelector/FlexibleLineTypeDrawer.tsx?t=1770393515650:23:71
    at Array.map (<anonymous>)
    at FlexibleLineTypeDrawer (http://localhost:3001/src/components/FlexibleLineTypeSelector/FlexibleLineTypeDrawer.tsx?t=1770393515650:21:33)
    at Object.react_stack_bottom_frame (http://localhost:3001/node_modules/.vite/deps/react-dom_client.js?v=95bfeb26:18509:20)
    at renderWithHooks (http://localhost:3001/node_modules/.vite/deps/react-dom_client.js?v=95bfeb26:5654:24)
    at updateFunctionComponent (http://localhost:3001/node_modules/.vite/deps/react-dom_client.js?v=95bfeb26:7475:21)
    at beginWork (http://localhost:3001/node_modules/.vite/deps/react-dom_client.js?v=95bfeb26:8525:20) @ http://localhost:3001/node_modules/.vite/deps/react-intl.js?v=95bfeb26:12132
[  150425ms] [ERROR] MissingTranslationError: [@formatjs/intl Error MISSING_TRANSLATION] Missing message: "flexibleLineTypeDrawer_mixedFlexibleAndFixed" for locale "en", using id as fallback.

    at new MissingTranslationError (http://localhost:3001/node_modules/.vite/deps/react-intl.js?v=95bfeb26:12110:5)
    at formatMessage (http://localhost:3001/node_modules/.vite/deps/react-intl.js?v=95bfeb26:12289:15)
    at formatMessage2 (http://localhost:3001/node_modules/.vite/deps/react-intl.js?v=95bfeb26:12880:18)
    at http://localhost:3001/src/components/FlexibleLineTypeSelector/FlexibleLineTypeDrawer.tsx?t=1770393515650:30:9
    at Array.map (<anonymous>)
    at FlexibleLineTypeDrawer (http://localhost:3001/src/components/FlexibleLineTypeSelector/FlexibleLineTypeDrawer.tsx?t=1770393515650:21:33)
    at Object.react_stack_bottom_frame (http://localhost:3001/node_modules/.vite/deps/react-dom_client.js?v=95bfeb26:18509:20)
    at renderWithHooks (http://localhost:3001/node_modules/.vite/deps/react-dom_client.js?v=95bfeb26:5654:24)
    at updateFunctionComponent (http://localhost:3001/node_modules/.vite/deps/react-dom_client.js?v=95bfeb26:7475:21)
    at beginWork (http://localhost:3001/node_modules/.vite/deps/react-dom_client.js?v=95bfeb26:8525:20) @ http://localhost:3001/node_modules/.vite/deps/react-intl.js?v=95bfeb26:12132
[  153987ms] [ERROR] MissingTranslationError: [@formatjs/intl Error MISSING_TRANSLATION] Missing message: "duration.hours" for locale "en", using default message ({hours} hours) as fallback.

    at new MissingTranslationError (http://localhost:3001/node_modules/.vite/deps/react-intl.js?v=95bfeb26:12110:5)
    at formatMessage (http://localhost:3001/node_modules/.vite/deps/react-intl.js?v=95bfeb26:12289:15)
    at formatMessage2 (http://localhost:3001/node_modules/.vite/deps/react-intl.js?v=95bfeb26:12880:18)
    at formatDuration (http://localhost:3001/src/components/DurationPicker/index.tsx:35:12)
    at http://localhost:3001/src/components/DurationPicker/index.tsx:81:20
    at http://localhost:3001/src/components/DurationPicker/index.tsx:86:5
    at Object.react_stack_bottom_frame (http://localhost:3001/node_modules/.vite/deps/react-dom_client.js?v=95bfeb26:18509:20)
    at renderWithHooks (http://localhost:3001/node_modules/.vite/deps/react-dom_client.js?v=95bfeb26:5654:24)
    at updateFunctionComponent (http://localhost:3001/node_modules/.vite/deps/react-dom_client.js?v=95bfeb26:7475:21)
    at beginWork (http://localhost:3001/node_modules/.vite/deps/react-dom_client.js?v=95bfeb26:8525:20) @ http://localhost:3001/node_modules/.vite/deps/react-intl.js?v=95bfeb26:12132
[  199282ms] [ERROR] MissingTranslationError: [@formatjs/intl Error MISSING_TRANSLATION] Missing message: "duration.hours" for locale "en", using default message ({hours} hours) as fallback.

    at new MissingTranslationError (http://localhost:3001/node_modules/.vite/deps/react-intl.js?v=95bfeb26:12110:5)
    at formatMessage (http://localhost:3001/node_modules/.vite/deps/react-intl.js?v=95bfeb26:12289:15)
    at formatMessage2 (http://localhost:3001/node_modules/.vite/deps/react-intl.js?v=95bfeb26:12880:18)
    at formatDuration (http://localhost:3001/src/components/DurationPicker/index.tsx:35:12)
    at http://localhost:3001/src/components/DurationPicker/index.tsx:81:20
    at http://localhost:3001/src/components/DurationPicker/index.tsx:86:5
    at Object.react_stack_bottom_frame (http://localhost:3001/node_modules/.vite/deps/react-dom_client.js?v=95bfeb26:18509:20)
    at renderWithHooks (http://localhost:3001/node_modules/.vite/deps/react-dom_client.js?v=95bfeb26:5654:24)
    at updateFunctionComponent (http://localhost:3001/node_modules/.vite/deps/react-dom_client.js?v=95bfeb26:7475:21)
    at beginWork (http://localhost:3001/node_modules/.vite/deps/react-dom_client.js?v=95bfeb26:8525:20) @ http://localhost:3001/node_modules/.vite/deps/react-intl.js?v=95bfeb26:12132
