[    1100ms] [WARNING] AuthProvider context is undefined, please verify you are calling useAuth() as child of a <AuthProvider> component. @ http://localhost:3001/node_modules/.vite/deps/react-oidc-context.js?v=95bfeb26:3806
[    1102ms] [WARNING] AuthProvider context is undefined, please verify you are calling useAuth() as child of a <AuthProvider> component. @ http://localhost:3001/node_modules/.vite/deps/react-oidc-context.js?v=95bfeb26:3806
[    1102ms] [WARNING] AuthProvider context is undefined, please verify you are calling useAuth() as child of a <AuthProvider> component. @ http://localhost:3001/node_modules/.vite/deps/react-oidc-context.js?v=95bfeb26:3806
[    1104ms] [WARNING] AuthProvider context is undefined, please verify you are calling useAuth() as child of a <AuthProvider> component. @ http://localhost:3001/node_modules/.vite/deps/react-oidc-context.js?v=95bfeb26:3806
[    1106ms] [WARNING] AuthProvider context is undefined, please verify you are calling useAuth() as child of a <AuthProvider> component. @ http://localhost:3001/node_modules/.vite/deps/react-oidc-context.js?v=95bfeb26:3806
[    1114ms] [WARNING] AuthProvider context is undefined, please verify you are calling useAuth() as child of a <AuthProvider> component. @ http://localhost:3001/node_modules/.vite/deps/react-oidc-context.js?v=95bfeb26:3806
[    1118ms] [WARNING] AuthProvider context is undefined, please verify you are calling useAuth() as child of a <AuthProvider> component. @ http://localhost:3001/node_modules/.vite/deps/react-oidc-context.js?v=95bfeb26:3806
[   18013ms] [WARNING] AuthProvider context is undefined, please verify you are calling useAuth() as child of a <AuthProvider> component. @ http://localhost:3001/node_modules/.vite/deps/react-oidc-context.js?v=95bfeb26:3806
[   18013ms] [WARNING] AuthProvider context is undefined, please verify you are calling useAuth() as child of a <AuthProvider> component. @ http://localhost:3001/node_modules/.vite/deps/react-oidc-context.js?v=95bfeb26:3806
[   18014ms] [WARNING] AuthProvider context is undefined, please verify you are calling useAuth() as child of a <AuthProvider> component. @ http://localhost:3001/node_modules/.vite/deps/react-oidc-context.js?v=95bfeb26:3806
[   24711ms] [ERROR] A component is changing an uncontrolled input to be controlled. This is likely caused by the value changing from undefined to a defined value, which should not happen. Decide between using a controlled or uncontrolled input element for the lifetime of the component. More info: https://react.dev/link/controlled-components @ http://localhost:3001/node_modules/.vite/deps/react-dom_client.js?v=95bfeb26:14863
[   30279ms] [ERROR] In HTML, %s cannot be a descendant of <%s>.
This will cause a hydration error.%s <button> button 

  ...
    <Styled(div) as="div" ref={null} className="MuiBox-root" theme={{...}} sx={{}}>
      <Insertion6>
      <div className="MuiBox-roo...">
        <Typography2>
        <Typography2>
        <Accordion2 defaultExpanded={false}>
          <MuiAccordion-root className="MuiAccordi..." ref={null} ownerState={{...}}>
            <Insertion6>
            <Paper2 className="MuiAccordi...">
              <MuiPaper-root as="div" ownerState={{...}} className="MuiPaper-r..." ref={null} style={{...}}>
                <Insertion6>
                <div className="MuiPaper-r..." style={{...}}>
                  <MuiAccordion-heading className="MuiAccordi..." ref={null} ownerState={{...}}>
                    <Insertion6>
                    <h3 className="MuiAccordi...">
                      <AccordionSummary2 expandIcon={<ForwardRef(ExpandMoreIcon)>} sx={{...}}>
                        <MuiAccordionSummary-root onClick={function onClick} focusRipple={false} disableRipple={true} ...>
                          <Insertion6>
                          <ButtonBase2 onClick={function onClick} focusRipple={false} disableRipple={true} ...>
                            <MuiButtonBase-root as="button" className="MuiButtonB..." ownerState={{...}} ...>
                              <Insertion6>
>                             <button
>                               className="MuiButtonBase-root MuiAccordionSummary-root MuiAccordionSummary-gutters css..."
>                               onBlur={function}
>                               onClick={function onClick}
>                               onContextMenu={function}
>                               onFocus={function}
>                               onKeyDown={function}
>                               onKeyUp={function}
>                               onMouseDown={function}
>                               onMouseLeave={function}
>                               onMouseUp={function}
>                               onDragLeave={function}
>                               onTouchEnd={function}
>                               onTouchMove={function}
>                               onTouchStart={function}
>                               tabIndex={0}
>                               type="button"
>                               disabled={false}
>                               aria-expanded={false}
>                               ref={function}
>                             >
                                ...
                                  <MuiIconButton-root id={undefined} className="MuiIconBut..." centerRipple={true} ...>
                                    <Insertion6>
                                    <ButtonBase2 id={undefined} className="MuiIconBut..." centerRipple={true} ...>
                                      <MuiButtonBase-root as="button" className="MuiButtonB..." ...>
                                        <Insertion6>
>                                       <button
>                                         className="MuiButtonBase-root MuiIconButton-root MuiIconButton-sizeSmall css..."
>                                         onBlur={function}
>                                         onClick={function onClick}
>                                         onContextMenu={function}
>                                         onFocus={function}
>                                         onKeyDown={function}
>                                         onKeyUp={function}
>                                         onMouseDown={function}
>                                         onMouseLeave={function}
>                                         onMouseUp={function}
>                                         onDragLeave={function}
>                                         onTouchEnd={function}
>                                         onTouchMove={function}
>                                         onTouchStart={function}
>                                         tabIndex={0}
>                                         type="button"
>                                         disabled={null}
>                                         id={undefined}
>                                         aria-label="Copy"
>                                         aria-labelledby={null}
>                                         data-mui-internal-clone-element={true}
>                                         onMouseOver={function}
>                                         ref={function}
>                                       >
                  ...
        ...
        ...
 @ http://localhost:3001/node_modules/.vite/deps/react-dom_client.js?v=95bfeb26:2155
[   30279ms] [ERROR] <%s> cannot contain a nested %s.
See this log for the ancestor stack trace. button <button> @ http://localhost:3001/node_modules/.vite/deps/react-dom_client.js?v=95bfeb26:2162
[   30292ms] [WARNING] AuthProvider context is undefined, please verify you are calling useAuth() as child of a <AuthProvider> component. @ http://localhost:3001/node_modules/.vite/deps/react-oidc-context.js?v=95bfeb26:3806
[   30308ms] [WARNING] AuthProvider context is undefined, please verify you are calling useAuth() as child of a <AuthProvider> component. @ http://localhost:3001/node_modules/.vite/deps/react-oidc-context.js?v=95bfeb26:3806
[   30353ms] [WARNING] AuthProvider context is undefined, please verify you are calling useAuth() as child of a <AuthProvider> component. @ http://localhost:3001/node_modules/.vite/deps/react-oidc-context.js?v=95bfeb26:3806
[   30400ms] [WARNING] AuthProvider context is undefined, please verify you are calling useAuth() as child of a <AuthProvider> component. @ http://localhost:3001/node_modules/.vite/deps/react-oidc-context.js?v=95bfeb26:3806
[   30783ms] [WARNING] AuthProvider context is undefined, please verify you are calling useAuth() as child of a <AuthProvider> component. @ http://localhost:3001/node_modules/.vite/deps/react-oidc-context.js?v=95bfeb26:3806
[   30783ms] [WARNING] AuthProvider context is undefined, please verify you are calling useAuth() as child of a <AuthProvider> component. @ http://localhost:3001/node_modules/.vite/deps/react-oidc-context.js?v=95bfeb26:3806
[   30784ms] [WARNING] AuthProvider context is undefined, please verify you are calling useAuth() as child of a <AuthProvider> component. @ http://localhost:3001/node_modules/.vite/deps/react-oidc-context.js?v=95bfeb26:3806
[   30789ms] [WARNING] AuthProvider context is undefined, please verify you are calling useAuth() as child of a <AuthProvider> component. @ http://localhost:3001/node_modules/.vite/deps/react-oidc-context.js?v=95bfeb26:3806
[   30789ms] [WARNING] AuthProvider context is undefined, please verify you are calling useAuth() as child of a <AuthProvider> component. @ http://localhost:3001/node_modules/.vite/deps/react-oidc-context.js?v=95bfeb26:3806
[   30790ms] [WARNING] AuthProvider context is undefined, please verify you are calling useAuth() as child of a <AuthProvider> component. @ http://localhost:3001/node_modules/.vite/deps/react-oidc-context.js?v=95bfeb26:3806
[   30820ms] [WARNING] AuthProvider context is undefined, please verify you are calling useAuth() as child of a <AuthProvider> component. @ http://localhost:3001/node_modules/.vite/deps/react-oidc-context.js?v=95bfeb26:3806
[   30820ms] [WARNING] AuthProvider context is undefined, please verify you are calling useAuth() as child of a <AuthProvider> component. @ http://localhost:3001/node_modules/.vite/deps/react-oidc-context.js?v=95bfeb26:3806
[   30824ms] [WARNING] AuthProvider context is undefined, please verify you are calling useAuth() as child of a <AuthProvider> component. @ http://localhost:3001/node_modules/.vite/deps/react-oidc-context.js?v=95bfeb26:3806
[   30824ms] [WARNING] AuthProvider context is undefined, please verify you are calling useAuth() as child of a <AuthProvider> component. @ http://localhost:3001/node_modules/.vite/deps/react-oidc-context.js?v=95bfeb26:3806
[   30885ms] [WARNING] AuthProvider context is undefined, please verify you are calling useAuth() as child of a <AuthProvider> component. @ http://localhost:3001/node_modules/.vite/deps/react-oidc-context.js?v=95bfeb26:3806
[   30885ms] [WARNING] AuthProvider context is undefined, please verify you are calling useAuth() as child of a <AuthProvider> component. @ http://localhost:3001/node_modules/.vite/deps/react-oidc-context.js?v=95bfeb26:3806
[   30886ms] [WARNING] AuthProvider context is undefined, please verify you are calling useAuth() as child of a <AuthProvider> component. @ http://localhost:3001/node_modules/.vite/deps/react-oidc-context.js?v=95bfeb26:3806
[   30886ms] [WARNING] AuthProvider context is undefined, please verify you are calling useAuth() as child of a <AuthProvider> component. @ http://localhost:3001/node_modules/.vite/deps/react-oidc-context.js?v=95bfeb26:3806
[   31213ms] [WARNING] AuthProvider context is undefined, please verify you are calling useAuth() as child of a <AuthProvider> component. @ http://localhost:3001/node_modules/.vite/deps/react-oidc-context.js?v=95bfeb26:3806
[   31213ms] [WARNING] AuthProvider context is undefined, please verify you are calling useAuth() as child of a <AuthProvider> component. @ http://localhost:3001/node_modules/.vite/deps/react-oidc-context.js?v=95bfeb26:3806
[   31223ms] [WARNING] AuthProvider context is undefined, please verify you are calling useAuth() as child of a <AuthProvider> component. @ http://localhost:3001/node_modules/.vite/deps/react-oidc-context.js?v=95bfeb26:3806
[   31223ms] [WARNING] AuthProvider context is undefined, please verify you are calling useAuth() as child of a <AuthProvider> component. @ http://localhost:3001/node_modules/.vite/deps/react-oidc-context.js?v=95bfeb26:3806
[   31235ms] [WARNING] AuthProvider context is undefined, please verify you are calling useAuth() as child of a <AuthProvider> component. @ http://localhost:3001/node_modules/.vite/deps/react-oidc-context.js?v=95bfeb26:3806
[   31235ms] [WARNING] AuthProvider context is undefined, please verify you are calling useAuth() as child of a <AuthProvider> component. @ http://localhost:3001/node_modules/.vite/deps/react-oidc-context.js?v=95bfeb26:3806
[   31242ms] [WARNING] AuthProvider context is undefined, please verify you are calling useAuth() as child of a <AuthProvider> component. @ http://localhost:3001/node_modules/.vite/deps/react-oidc-context.js?v=95bfeb26:3806
[   31242ms] [WARNING] AuthProvider context is undefined, please verify you are calling useAuth() as child of a <AuthProvider> component. @ http://localhost:3001/node_modules/.vite/deps/react-oidc-context.js?v=95bfeb26:3806
[   31259ms] [WARNING] AuthProvider context is undefined, please verify you are calling useAuth() as child of a <AuthProvider> component. @ http://localhost:3001/node_modules/.vite/deps/react-oidc-context.js?v=95bfeb26:3806
[   31259ms] [WARNING] AuthProvider context is undefined, please verify you are calling useAuth() as child of a <AuthProvider> component. @ http://localhost:3001/node_modules/.vite/deps/react-oidc-context.js?v=95bfeb26:3806
[   31261ms] [WARNING] AuthProvider context is undefined, please verify you are calling useAuth() as child of a <AuthProvider> component. @ http://localhost:3001/node_modules/.vite/deps/react-oidc-context.js?v=95bfeb26:3806
[   31261ms] [WARNING] AuthProvider context is undefined, please verify you are calling useAuth() as child of a <AuthProvider> component. @ http://localhost:3001/node_modules/.vite/deps/react-oidc-context.js?v=95bfeb26:3806
[   32012ms] [WARNING] AuthProvider context is undefined, please verify you are calling useAuth() as child of a <AuthProvider> component. @ http://localhost:3001/node_modules/.vite/deps/react-oidc-context.js?v=95bfeb26:3806
[   32012ms] [WARNING] AuthProvider context is undefined, please verify you are calling useAuth() as child of a <AuthProvider> component. @ http://localhost:3001/node_modules/.vite/deps/react-oidc-context.js?v=95bfeb26:3806
[   32021ms] [WARNING] AuthProvider context is undefined, please verify you are calling useAuth() as child of a <AuthProvider> component. @ http://localhost:3001/node_modules/.vite/deps/react-oidc-context.js?v=95bfeb26:3806
[   32021ms] [WARNING] AuthProvider context is undefined, please verify you are calling useAuth() as child of a <AuthProvider> component. @ http://localhost:3001/node_modules/.vite/deps/react-oidc-context.js?v=95bfeb26:3806
[   32032ms] [WARNING] AuthProvider context is undefined, please verify you are calling useAuth() as child of a <AuthProvider> component. @ http://localhost:3001/node_modules/.vite/deps/react-oidc-context.js?v=95bfeb26:3806
[   32032ms] [WARNING] AuthProvider context is undefined, please verify you are calling useAuth() as child of a <AuthProvider> component. @ http://localhost:3001/node_modules/.vite/deps/react-oidc-context.js?v=95bfeb26:3806
[   32038ms] [WARNING] AuthProvider context is undefined, please verify you are calling useAuth() as child of a <AuthProvider> component. @ http://localhost:3001/node_modules/.vite/deps/react-oidc-context.js?v=95bfeb26:3806
[   32038ms] [WARNING] AuthProvider context is undefined, please verify you are calling useAuth() as child of a <AuthProvider> component. @ http://localhost:3001/node_modules/.vite/deps/react-oidc-context.js?v=95bfeb26:3806
[   32056ms] [WARNING] AuthProvider context is undefined, please verify you are calling useAuth() as child of a <AuthProvider> component. @ http://localhost:3001/node_modules/.vite/deps/react-oidc-context.js?v=95bfeb26:3806
[   32056ms] [WARNING] AuthProvider context is undefined, please verify you are calling useAuth() as child of a <AuthProvider> component. @ http://localhost:3001/node_modules/.vite/deps/react-oidc-context.js?v=95bfeb26:3806
[   32058ms] [WARNING] AuthProvider context is undefined, please verify you are calling useAuth() as child of a <AuthProvider> component. @ http://localhost:3001/node_modules/.vite/deps/react-oidc-context.js?v=95bfeb26:3806
[   32058ms] [WARNING] AuthProvider context is undefined, please verify you are calling useAuth() as child of a <AuthProvider> component. @ http://localhost:3001/node_modules/.vite/deps/react-oidc-context.js?v=95bfeb26:3806
[  557950ms] [WARNING] AuthProvider context is undefined, please verify you are calling useAuth() as child of a <AuthProvider> component. @ http://localhost:3001/node_modules/.vite/deps/react-oidc-context.js?v=95bfeb26:3806
[  557964ms] [WARNING] AuthProvider context is undefined, please verify you are calling useAuth() as child of a <AuthProvider> component. @ http://localhost:3001/node_modules/.vite/deps/react-oidc-context.js?v=95bfeb26:3806
[  558029ms] [WARNING] AuthProvider context is undefined, please verify you are calling useAuth() as child of a <AuthProvider> component. @ http://localhost:3001/node_modules/.vite/deps/react-oidc-context.js?v=95bfeb26:3806
[  558070ms] [WARNING] AuthProvider context is undefined, please verify you are calling useAuth() as child of a <AuthProvider> component. @ http://localhost:3001/node_modules/.vite/deps/react-oidc-context.js?v=95bfeb26:3806
[  558439ms] [WARNING] AuthProvider context is undefined, please verify you are calling useAuth() as child of a <AuthProvider> component. @ http://localhost:3001/node_modules/.vite/deps/react-oidc-context.js?v=95bfeb26:3806
[  558440ms] [WARNING] AuthProvider context is undefined, please verify you are calling useAuth() as child of a <AuthProvider> component. @ http://localhost:3001/node_modules/.vite/deps/react-oidc-context.js?v=95bfeb26:3806
[  558440ms] [WARNING] AuthProvider context is undefined, please verify you are calling useAuth() as child of a <AuthProvider> component. @ http://localhost:3001/node_modules/.vite/deps/react-oidc-context.js?v=95bfeb26:3806
[  558444ms] [WARNING] AuthProvider context is undefined, please verify you are calling useAuth() as child of a <AuthProvider> component. @ http://localhost:3001/node_modules/.vite/deps/react-oidc-context.js?v=95bfeb26:3806
[  558444ms] [WARNING] AuthProvider context is undefined, please verify you are calling useAuth() as child of a <AuthProvider> component. @ http://localhost:3001/node_modules/.vite/deps/react-oidc-context.js?v=95bfeb26:3806
[  558444ms] [WARNING] AuthProvider context is undefined, please verify you are calling useAuth() as child of a <AuthProvider> component. @ http://localhost:3001/node_modules/.vite/deps/react-oidc-context.js?v=95bfeb26:3806
[  558464ms] [WARNING] AuthProvider context is undefined, please verify you are calling useAuth() as child of a <AuthProvider> component. @ http://localhost:3001/node_modules/.vite/deps/react-oidc-context.js?v=95bfeb26:3806
[  558464ms] [WARNING] AuthProvider context is undefined, please verify you are calling useAuth() as child of a <AuthProvider> component. @ http://localhost:3001/node_modules/.vite/deps/react-oidc-context.js?v=95bfeb26:3806
[  558466ms] [WARNING] AuthProvider context is undefined, please verify you are calling useAuth() as child of a <AuthProvider> component. @ http://localhost:3001/node_modules/.vite/deps/react-oidc-context.js?v=95bfeb26:3806
[  558467ms] [WARNING] AuthProvider context is undefined, please verify you are calling useAuth() as child of a <AuthProvider> component. @ http://localhost:3001/node_modules/.vite/deps/react-oidc-context.js?v=95bfeb26:3806
[  558549ms] [WARNING] AuthProvider context is undefined, please verify you are calling useAuth() as child of a <AuthProvider> component. @ http://localhost:3001/node_modules/.vite/deps/react-oidc-context.js?v=95bfeb26:3806
[  558549ms] [WARNING] AuthProvider context is undefined, please verify you are calling useAuth() as child of a <AuthProvider> component. @ http://localhost:3001/node_modules/.vite/deps/react-oidc-context.js?v=95bfeb26:3806
[  558549ms] [WARNING] AuthProvider context is undefined, please verify you are calling useAuth() as child of a <AuthProvider> component. @ http://localhost:3001/node_modules/.vite/deps/react-oidc-context.js?v=95bfeb26:3806
[  558549ms] [WARNING] AuthProvider context is undefined, please verify you are calling useAuth() as child of a <AuthProvider> component. @ http://localhost:3001/node_modules/.vite/deps/react-oidc-context.js?v=95bfeb26:3806
[  559127ms] [WARNING] AuthProvider context is undefined, please verify you are calling useAuth() as child of a <AuthProvider> component. @ http://localhost:3001/node_modules/.vite/deps/react-oidc-context.js?v=95bfeb26:3806
[  559127ms] [WARNING] AuthProvider context is undefined, please verify you are calling useAuth() as child of a <AuthProvider> component. @ http://localhost:3001/node_modules/.vite/deps/react-oidc-context.js?v=95bfeb26:3806
[  559137ms] [WARNING] AuthProvider context is undefined, please verify you are calling useAuth() as child of a <AuthProvider> component. @ http://localhost:3001/node_modules/.vite/deps/react-oidc-context.js?v=95bfeb26:3806
[  559138ms] [WARNING] AuthProvider context is undefined, please verify you are calling useAuth() as child of a <AuthProvider> component. @ http://localhost:3001/node_modules/.vite/deps/react-oidc-context.js?v=95bfeb26:3806
[  559150ms] [WARNING] AuthProvider context is undefined, please verify you are calling useAuth() as child of a <AuthProvider> component. @ http://localhost:3001/node_modules/.vite/deps/react-oidc-context.js?v=95bfeb26:3806
[  559150ms] [WARNING] AuthProvider context is undefined, please verify you are calling useAuth() as child of a <AuthProvider> component. @ http://localhost:3001/node_modules/.vite/deps/react-oidc-context.js?v=95bfeb26:3806
[  559155ms] [WARNING] AuthProvider context is undefined, please verify you are calling useAuth() as child of a <AuthProvider> component. @ http://localhost:3001/node_modules/.vite/deps/react-oidc-context.js?v=95bfeb26:3806
[  559155ms] [WARNING] AuthProvider context is undefined, please verify you are calling useAuth() as child of a <AuthProvider> component. @ http://localhost:3001/node_modules/.vite/deps/react-oidc-context.js?v=95bfeb26:3806
[  559175ms] [WARNING] AuthProvider context is undefined, please verify you are calling useAuth() as child of a <AuthProvider> component. @ http://localhost:3001/node_modules/.vite/deps/react-oidc-context.js?v=95bfeb26:3806
[  559175ms] [WARNING] AuthProvider context is undefined, please verify you are calling useAuth() as child of a <AuthProvider> component. @ http://localhost:3001/node_modules/.vite/deps/react-oidc-context.js?v=95bfeb26:3806
[  559177ms] [WARNING] AuthProvider context is undefined, please verify you are calling useAuth() as child of a <AuthProvider> component. @ http://localhost:3001/node_modules/.vite/deps/react-oidc-context.js?v=95bfeb26:3806
[  559177ms] [WARNING] AuthProvider context is undefined, please verify you are calling useAuth() as child of a <AuthProvider> component. @ http://localhost:3001/node_modules/.vite/deps/react-oidc-context.js?v=95bfeb26:3806
[  593472ms] [WARNING] AuthProvider context is undefined, please verify you are calling useAuth() as child of a <AuthProvider> component. @ http://localhost:3001/node_modules/.vite/deps/react-oidc-context.js?v=95bfeb26:3806
[  593521ms] [WARNING] AuthProvider context is undefined, please verify you are calling useAuth() as child of a <AuthProvider> component. @ http://localhost:3001/node_modules/.vite/deps/react-oidc-context.js?v=95bfeb26:3806
[  593521ms] [WARNING] AuthProvider context is undefined, please verify you are calling useAuth() as child of a <AuthProvider> component. @ http://localhost:3001/node_modules/.vite/deps/react-oidc-context.js?v=95bfeb26:3806
[  593535ms] [WARNING] AuthProvider context is undefined, please verify you are calling useAuth() as child of a <AuthProvider> component. @ http://localhost:3001/node_modules/.vite/deps/react-oidc-context.js?v=95bfeb26:3806
[  593574ms] [WARNING] AuthProvider context is undefined, please verify you are calling useAuth() as child of a <AuthProvider> component. @ http://localhost:3001/node_modules/.vite/deps/react-oidc-context.js?v=95bfeb26:3806
[  593574ms] [WARNING] AuthProvider context is undefined, please verify you are calling useAuth() as child of a <AuthProvider> component. @ http://localhost:3001/node_modules/.vite/deps/react-oidc-context.js?v=95bfeb26:3806
