[     780ms] [WARNING] AuthProvider context is undefined, please verify you are calling useAuth() as child of a <AuthProvider> component. @ http://localhost:3001/node_modules/.vite/deps/react-oidc-context.js?v=53501142:3806
[     782ms] [WARNING] AuthProvider context is undefined, please verify you are calling useAuth() as child of a <AuthProvider> component. @ http://localhost:3001/node_modules/.vite/deps/react-oidc-context.js?v=53501142:3806
[     782ms] [WARNING] AuthProvider context is undefined, please verify you are calling useAuth() as child of a <AuthProvider> component. @ http://localhost:3001/node_modules/.vite/deps/react-oidc-context.js?v=53501142:3806
[     784ms] [WARNING] AuthProvider context is undefined, please verify you are calling useAuth() as child of a <AuthProvider> component. @ http://localhost:3001/node_modules/.vite/deps/react-oidc-context.js?v=53501142:3806
[     787ms] [WARNING] AuthProvider context is undefined, please verify you are calling useAuth() as child of a <AuthProvider> component. @ http://localhost:3001/node_modules/.vite/deps/react-oidc-context.js?v=53501142:3806
[     799ms] [WARNING] AuthProvider context is undefined, please verify you are calling useAuth() as child of a <AuthProvider> component. @ http://localhost:3001/node_modules/.vite/deps/react-oidc-context.js?v=53501142:3806
[     804ms] [WARNING] AuthProvider context is undefined, please verify you are calling useAuth() as child of a <AuthProvider> component. @ http://localhost:3001/node_modules/.vite/deps/react-oidc-context.js?v=53501142:3806
[     845ms] [WARNING] AuthProvider context is undefined, please verify you are calling useAuth() as child of a <AuthProvider> component. @ http://localhost:3001/node_modules/.vite/deps/react-oidc-context.js?v=53501142:3806
[    1104ms] [ERROR] A component is changing an uncontrolled input to be controlled. This is likely caused by the value changing from undefined to a defined value, which should not happen. Decide between using a controlled or uncontrolled input element for the lifetime of the component. More info: https://react.dev/link/controlled-components @ http://localhost:3001/node_modules/.vite/deps/react-dom_client.js?v=53501142:14863
[    8700ms] [WARNING] AuthProvider context is undefined, please verify you are calling useAuth() as child of a <AuthProvider> component. @ http://localhost:3001/node_modules/.vite/deps/react-oidc-context.js?v=53501142:3806
[    8735ms] [WARNING] AuthProvider context is undefined, please verify you are calling useAuth() as child of a <AuthProvider> component. @ http://localhost:3001/node_modules/.vite/deps/react-oidc-context.js?v=53501142:3806
[    9110ms] [WARNING] AuthProvider context is undefined, please verify you are calling useAuth() as child of a <AuthProvider> component. @ http://localhost:3001/node_modules/.vite/deps/react-oidc-context.js?v=53501142:3806
[    9110ms] [WARNING] AuthProvider context is undefined, please verify you are calling useAuth() as child of a <AuthProvider> component. @ http://localhost:3001/node_modules/.vite/deps/react-oidc-context.js?v=53501142:3806
[    9112ms] [WARNING] AuthProvider context is undefined, please verify you are calling useAuth() as child of a <AuthProvider> component. @ http://localhost:3001/node_modules/.vite/deps/react-oidc-context.js?v=53501142:3806
[    9145ms] [WARNING] AuthProvider context is undefined, please verify you are calling useAuth() as child of a <AuthProvider> component. @ http://localhost:3001/node_modules/.vite/deps/react-oidc-context.js?v=53501142:3806
[    9146ms] [WARNING] AuthProvider context is undefined, please verify you are calling useAuth() as child of a <AuthProvider> component. @ http://localhost:3001/node_modules/.vite/deps/react-oidc-context.js?v=53501142:3806
[    9213ms] [WARNING] AuthProvider context is undefined, please verify you are calling useAuth() as child of a <AuthProvider> component. @ http://localhost:3001/node_modules/.vite/deps/react-oidc-context.js?v=53501142:3806
[    9214ms] [WARNING] AuthProvider context is undefined, please verify you are calling useAuth() as child of a <AuthProvider> component. @ http://localhost:3001/node_modules/.vite/deps/react-oidc-context.js?v=53501142:3806
[    9798ms] [WARNING] AuthProvider context is undefined, please verify you are calling useAuth() as child of a <AuthProvider> component. @ http://localhost:3001/node_modules/.vite/deps/react-oidc-context.js?v=53501142:3806
[    9798ms] [WARNING] AuthProvider context is undefined, please verify you are calling useAuth() as child of a <AuthProvider> component. @ http://localhost:3001/node_modules/.vite/deps/react-oidc-context.js?v=53501142:3806
[    9810ms] [WARNING] AuthProvider context is undefined, please verify you are calling useAuth() as child of a <AuthProvider> component. @ http://localhost:3001/node_modules/.vite/deps/react-oidc-context.js?v=53501142:3806
[    9811ms] [WARNING] AuthProvider context is undefined, please verify you are calling useAuth() as child of a <AuthProvider> component. @ http://localhost:3001/node_modules/.vite/deps/react-oidc-context.js?v=53501142:3806
[    9824ms] [WARNING] AuthProvider context is undefined, please verify you are calling useAuth() as child of a <AuthProvider> component. @ http://localhost:3001/node_modules/.vite/deps/react-oidc-context.js?v=53501142:3806
[    9824ms] [WARNING] AuthProvider context is undefined, please verify you are calling useAuth() as child of a <AuthProvider> component. @ http://localhost:3001/node_modules/.vite/deps/react-oidc-context.js?v=53501142:3806
[  260566ms] [ERROR] Failed to load resource: the server responded with a status of 500 (Internal Server Error) @ http://localhost:3001/src/components/JourneyPatternEditor/index.tsx?t=1770410440259:0
[  260566ms] [ERROR] [vite] Failed to reload /src/components/JourneyPatternEditor/index.tsx. This could be due to syntax errors or importing non-existent modules. (see errors above) @ http://localhost:3001/@vite/client:808
[  267130ms] [ERROR] Failed to load resource: the server responded with a status of 500 (Internal Server Error) @ http://localhost:3001/src/components/StopPointsEditor/Generic/GenericStopPointEditor.tsx?t=1770410446826:0
[  267130ms] [ERROR] [vite] Failed to reload /src/components/StopPointsEditor/Generic/GenericStopPointEditor.tsx. This could be due to syntax errors or importing non-existent modules. (see errors above) @ http://localhost:3001/@vite/client:808
[  268650ms] [ERROR] Failed to load resource: the server responded with a status of 500 (Internal Server Error) @ http://localhost:3001/src/components/StopPointsEditor/Generic/GenericStopPointEditor.tsx?t=1770410448345:0
[  268650ms] [ERROR] [vite] Failed to reload /src/components/StopPointsEditor/Generic/GenericStopPointEditor.tsx. This could be due to syntax errors or importing non-existent modules. (see errors above) @ http://localhost:3001/@vite/client:808
[  273088ms] [ERROR] Failed to load resource: the server responded with a status of 500 (Internal Server Error) @ http://localhost:3001/src/components/StopPointsEditor/Generic/GenericStopPointEditor.tsx?t=1770410452780:0
[  273088ms] [ERROR] [vite] Failed to reload /src/components/StopPointsEditor/Generic/GenericStopPointEditor.tsx. This could be due to syntax errors or importing non-existent modules. (see errors above) @ http://localhost:3001/@vite/client:808
[  279994ms] [ERROR] Failed to load resource: the server responded with a status of 500 (Internal Server Error) @ http://localhost:3001/src/components/StopPointsEditor/Generic/GenericStopPointsEditor.tsx?t=1770410459686:0
[  279994ms] [ERROR] [vite] Failed to reload /src/components/StopPointsEditor/Generic/GenericStopPointsEditor.tsx. This could be due to syntax errors or importing non-existent modules. (see errors above) @ http://localhost:3001/@vite/client:808
[  329537ms] [WARNING] AuthProvider context is undefined, please verify you are calling useAuth() as child of a <AuthProvider> component. @ http://localhost:3001/node_modules/.vite/deps/react-oidc-context.js?v=53501142:3806
[  329573ms] [WARNING] AuthProvider context is undefined, please verify you are calling useAuth() as child of a <AuthProvider> component. @ http://localhost:3001/node_modules/.vite/deps/react-oidc-context.js?v=53501142:3806
[  329943ms] [WARNING] AuthProvider context is undefined, please verify you are calling useAuth() as child of a <AuthProvider> component. @ http://localhost:3001/node_modules/.vite/deps/react-oidc-context.js?v=53501142:3806
[  329943ms] [WARNING] AuthProvider context is undefined, please verify you are calling useAuth() as child of a <AuthProvider> component. @ http://localhost:3001/node_modules/.vite/deps/react-oidc-context.js?v=53501142:3806
[  329944ms] [WARNING] AuthProvider context is undefined, please verify you are calling useAuth() as child of a <AuthProvider> component. @ http://localhost:3001/node_modules/.vite/deps/react-oidc-context.js?v=53501142:3806
[  329969ms] [WARNING] AuthProvider context is undefined, please verify you are calling useAuth() as child of a <AuthProvider> component. @ http://localhost:3001/node_modules/.vite/deps/react-oidc-context.js?v=53501142:3806
[  329969ms] [WARNING] AuthProvider context is undefined, please verify you are calling useAuth() as child of a <AuthProvider> component. @ http://localhost:3001/node_modules/.vite/deps/react-oidc-context.js?v=53501142:3806
[  330035ms] [WARNING] AuthProvider context is undefined, please verify you are calling useAuth() as child of a <AuthProvider> component. @ http://localhost:3001/node_modules/.vite/deps/react-oidc-context.js?v=53501142:3806
[  330035ms] [WARNING] AuthProvider context is undefined, please verify you are calling useAuth() as child of a <AuthProvider> component. @ http://localhost:3001/node_modules/.vite/deps/react-oidc-context.js?v=53501142:3806
[  330621ms] [WARNING] AuthProvider context is undefined, please verify you are calling useAuth() as child of a <AuthProvider> component. @ http://localhost:3001/node_modules/.vite/deps/react-oidc-context.js?v=53501142:3806
[  330621ms] [WARNING] AuthProvider context is undefined, please verify you are calling useAuth() as child of a <AuthProvider> component. @ http://localhost:3001/node_modules/.vite/deps/react-oidc-context.js?v=53501142:3806
[  330636ms] [WARNING] AuthProvider context is undefined, please verify you are calling useAuth() as child of a <AuthProvider> component. @ http://localhost:3001/node_modules/.vite/deps/react-oidc-context.js?v=53501142:3806
[  330636ms] [WARNING] AuthProvider context is undefined, please verify you are calling useAuth() as child of a <AuthProvider> component. @ http://localhost:3001/node_modules/.vite/deps/react-oidc-context.js?v=53501142:3806
[  330651ms] [WARNING] AuthProvider context is undefined, please verify you are calling useAuth() as child of a <AuthProvider> component. @ http://localhost:3001/node_modules/.vite/deps/react-oidc-context.js?v=53501142:3806
[  330651ms] [WARNING] AuthProvider context is undefined, please verify you are calling useAuth() as child of a <AuthProvider> component. @ http://localhost:3001/node_modules/.vite/deps/react-oidc-context.js?v=53501142:3806
