[     443ms] [WARNING] AuthProvider context is undefined, please verify you are calling useAuth() as child of a <AuthProvider> component. @ http://localhost:3001/node_modules/.vite/deps/react-oidc-context.js?v=95bfeb26:3806
[     444ms] [WARNING] AuthProvider context is undefined, please verify you are calling useAuth() as child of a <AuthProvider> component. @ http://localhost:3001/node_modules/.vite/deps/react-oidc-context.js?v=95bfeb26:3806
[     444ms] [WARNING] AuthProvider context is undefined, please verify you are calling useAuth() as child of a <AuthProvider> component. @ http://localhost:3001/node_modules/.vite/deps/react-oidc-context.js?v=95bfeb26:3806
[     445ms] [WARNING] AuthProvider context is undefined, please verify you are calling useAuth() as child of a <AuthProvider> component. @ http://localhost:3001/node_modules/.vite/deps/react-oidc-context.js?v=95bfeb26:3806
[     446ms] [WARNING] AuthProvider context is undefined, please verify you are calling useAuth() as child of a <AuthProvider> component. @ http://localhost:3001/node_modules/.vite/deps/react-oidc-context.js?v=95bfeb26:3806
[     453ms] [WARNING] AuthProvider context is undefined, please verify you are calling useAuth() as child of a <AuthProvider> component. @ http://localhost:3001/node_modules/.vite/deps/react-oidc-context.js?v=95bfeb26:3806
[     455ms] [WARNING] AuthProvider context is undefined, please verify you are calling useAuth() as child of a <AuthProvider> component. @ http://localhost:3001/node_modules/.vite/deps/react-oidc-context.js?v=95bfeb26:3806
[     709ms] [ERROR] A component is changing an uncontrolled input to be controlled. This is likely caused by the value changing from undefined to a defined value, which should not happen. Decide between using a controlled or uncontrolled input element for the lifetime of the component. More info: https://react.dev/link/controlled-components @ http://localhost:3001/node_modules/.vite/deps/react-dom_client.js?v=95bfeb26:14863
[   12183ms] [WARNING] AuthProvider context is undefined, please verify you are calling useAuth() as child of a <AuthProvider> component. @ http://localhost:3001/node_modules/.vite/deps/react-oidc-context.js?v=95bfeb26:3806
[   12198ms] [WARNING] AuthProvider context is undefined, please verify you are calling useAuth() as child of a <AuthProvider> component. @ http://localhost:3001/node_modules/.vite/deps/react-oidc-context.js?v=95bfeb26:3806
[   12236ms] [WARNING] AuthProvider context is undefined, please verify you are calling useAuth() as child of a <AuthProvider> component. @ http://localhost:3001/node_modules/.vite/deps/react-oidc-context.js?v=95bfeb26:3806
[   12281ms] [WARNING] AuthProvider context is undefined, please verify you are calling useAuth() as child of a <AuthProvider> component. @ http://localhost:3001/node_modules/.vite/deps/react-oidc-context.js?v=95bfeb26:3806
[   12653ms] [WARNING] AuthProvider context is undefined, please verify you are calling useAuth() as child of a <AuthProvider> component. @ http://localhost:3001/node_modules/.vite/deps/react-oidc-context.js?v=95bfeb26:3806
[   12653ms] [WARNING] AuthProvider context is undefined, please verify you are calling useAuth() as child of a <AuthProvider> component. @ http://localhost:3001/node_modules/.vite/deps/react-oidc-context.js?v=95bfeb26:3806
[   12654ms] [WARNING] AuthProvider context is undefined, please verify you are calling useAuth() as child of a <AuthProvider> component. @ http://localhost:3001/node_modules/.vite/deps/react-oidc-context.js?v=95bfeb26:3806
[   12659ms] [WARNING] AuthProvider context is undefined, please verify you are calling useAuth() as child of a <AuthProvider> component. @ http://localhost:3001/node_modules/.vite/deps/react-oidc-context.js?v=95bfeb26:3806
[   12659ms] [WARNING] AuthProvider context is undefined, please verify you are calling useAuth() as child of a <AuthProvider> component. @ http://localhost:3001/node_modules/.vite/deps/react-oidc-context.js?v=95bfeb26:3806
[   12660ms] [WARNING] AuthProvider context is undefined, please verify you are calling useAuth() as child of a <AuthProvider> component. @ http://localhost:3001/node_modules/.vite/deps/react-oidc-context.js?v=95bfeb26:3806
[   12686ms] [WARNING] AuthProvider context is undefined, please verify you are calling useAuth() as child of a <AuthProvider> component. @ http://localhost:3001/node_modules/.vite/deps/react-oidc-context.js?v=95bfeb26:3806
[   12686ms] [WARNING] AuthProvider context is undefined, please verify you are calling useAuth() as child of a <AuthProvider> component. @ http://localhost:3001/node_modules/.vite/deps/react-oidc-context.js?v=95bfeb26:3806
[   12689ms] [WARNING] AuthProvider context is undefined, please verify you are calling useAuth() as child of a <AuthProvider> component. @ http://localhost:3001/node_modules/.vite/deps/react-oidc-context.js?v=95bfeb26:3806
[   12689ms] [WARNING] AuthProvider context is undefined, please verify you are calling useAuth() as child of a <AuthProvider> component. @ http://localhost:3001/node_modules/.vite/deps/react-oidc-context.js?v=95bfeb26:3806
[   12774ms] [WARNING] AuthProvider context is undefined, please verify you are calling useAuth() as child of a <AuthProvider> component. @ http://localhost:3001/node_modules/.vite/deps/react-oidc-context.js?v=95bfeb26:3806
[   12774ms] [WARNING] AuthProvider context is undefined, please verify you are calling useAuth() as child of a <AuthProvider> component. @ http://localhost:3001/node_modules/.vite/deps/react-oidc-context.js?v=95bfeb26:3806
[   12775ms] [WARNING] AuthProvider context is undefined, please verify you are calling useAuth() as child of a <AuthProvider> component. @ http://localhost:3001/node_modules/.vite/deps/react-oidc-context.js?v=95bfeb26:3806
[   12775ms] [WARNING] AuthProvider context is undefined, please verify you are calling useAuth() as child of a <AuthProvider> component. @ http://localhost:3001/node_modules/.vite/deps/react-oidc-context.js?v=95bfeb26:3806
[   13335ms] [WARNING] AuthProvider context is undefined, please verify you are calling useAuth() as child of a <AuthProvider> component. @ http://localhost:3001/node_modules/.vite/deps/react-oidc-context.js?v=95bfeb26:3806
[   13336ms] [WARNING] AuthProvider context is undefined, please verify you are calling useAuth() as child of a <AuthProvider> component. @ http://localhost:3001/node_modules/.vite/deps/react-oidc-context.js?v=95bfeb26:3806
[   13336ms] [WARNING] AuthProvider context is undefined, please verify you are calling useAuth() as child of a <AuthProvider> component. @ http://localhost:3001/node_modules/.vite/deps/react-oidc-context.js?v=95bfeb26:3806
[   13336ms] [WARNING] AuthProvider context is undefined, please verify you are calling useAuth() as child of a <AuthProvider> component. @ http://localhost:3001/node_modules/.vite/deps/react-oidc-context.js?v=95bfeb26:3806
[   13360ms] [WARNING] AuthProvider context is undefined, please verify you are calling useAuth() as child of a <AuthProvider> component. @ http://localhost:3001/node_modules/.vite/deps/react-oidc-context.js?v=95bfeb26:3806
[   13360ms] [WARNING] AuthProvider context is undefined, please verify you are calling useAuth() as child of a <AuthProvider> component. @ http://localhost:3001/node_modules/.vite/deps/react-oidc-context.js?v=95bfeb26:3806
[   13363ms] [WARNING] AuthProvider context is undefined, please verify you are calling useAuth() as child of a <AuthProvider> component. @ http://localhost:3001/node_modules/.vite/deps/react-oidc-context.js?v=95bfeb26:3806
[   13363ms] [WARNING] AuthProvider context is undefined, please verify you are calling useAuth() as child of a <AuthProvider> component. @ http://localhost:3001/node_modules/.vite/deps/react-oidc-context.js?v=95bfeb26:3806
[   13387ms] [WARNING] AuthProvider context is undefined, please verify you are calling useAuth() as child of a <AuthProvider> component. @ http://localhost:3001/node_modules/.vite/deps/react-oidc-context.js?v=95bfeb26:3806
[   13387ms] [WARNING] AuthProvider context is undefined, please verify you are calling useAuth() as child of a <AuthProvider> component. @ http://localhost:3001/node_modules/.vite/deps/react-oidc-context.js?v=95bfeb26:3806
[   13388ms] [WARNING] AuthProvider context is undefined, please verify you are calling useAuth() as child of a <AuthProvider> component. @ http://localhost:3001/node_modules/.vite/deps/react-oidc-context.js?v=95bfeb26:3806
[   13388ms] [WARNING] AuthProvider context is undefined, please verify you are calling useAuth() as child of a <AuthProvider> component. @ http://localhost:3001/node_modules/.vite/deps/react-oidc-context.js?v=95bfeb26:3806
[  130705ms] [ERROR] Failed to load resource: the server responded with a status of 500 (Internal Server Error) @ http://localhost:3001/src/components/JourneyPatterns/index.tsx?t=1770415118021:0
[  130705ms] [ERROR] [vite] Failed to reload /src/components/JourneyPatterns/index.tsx. This could be due to syntax errors or importing non-existent modules. (see errors above) @ http://localhost:3001/@vite/client:808
