[     647ms] [WARNING] AuthProvider context is undefined, please verify you are calling useAuth() as child of a <AuthProvider> component. @ http://localhost:3001/node_modules/.vite/deps/react-oidc-context.js?v=95bfeb26:3806
[     648ms] [WARNING] AuthProvider context is undefined, please verify you are calling useAuth() as child of a <AuthProvider> component. @ http://localhost:3001/node_modules/.vite/deps/react-oidc-context.js?v=95bfeb26:3806
[     648ms] [WARNING] AuthProvider context is undefined, please verify you are calling useAuth() as child of a <AuthProvider> component. @ http://localhost:3001/node_modules/.vite/deps/react-oidc-context.js?v=95bfeb26:3806
[     650ms] [WARNING] AuthProvider context is undefined, please verify you are calling useAuth() as child of a <AuthProvider> component. @ http://localhost:3001/node_modules/.vite/deps/react-oidc-context.js?v=95bfeb26:3806
[     653ms] [WARNING] AuthProvider context is undefined, please verify you are calling useAuth() as child of a <AuthProvider> component. @ http://localhost:3001/node_modules/.vite/deps/react-oidc-context.js?v=95bfeb26:3806
[     661ms] [WARNING] AuthProvider context is undefined, please verify you are calling useAuth() as child of a <AuthProvider> component. @ http://localhost:3001/node_modules/.vite/deps/react-oidc-context.js?v=95bfeb26:3806
[     664ms] [WARNING] AuthProvider context is undefined, please verify you are calling useAuth() as child of a <AuthProvider> component. @ http://localhost:3001/node_modules/.vite/deps/react-oidc-context.js?v=95bfeb26:3806
[     689ms] [WARNING] AuthProvider context is undefined, please verify you are calling useAuth() as child of a <AuthProvider> component. @ http://localhost:3001/node_modules/.vite/deps/react-oidc-context.js?v=95bfeb26:3806
[   21637ms] [ERROR] A component is changing an uncontrolled input to be controlled. This is likely caused by the value changing from undefined to a defined value, which should not happen. Decide between using a controlled or uncontrolled input element for the lifetime of the component. More info: https://react.dev/link/controlled-components @ http://localhost:3001/node_modules/.vite/deps/react-dom_client.js?v=95bfeb26:14863
[   25028ms] [WARNING] AuthProvider context is undefined, please verify you are calling useAuth() as child of a <AuthProvider> component. @ http://localhost:3001/node_modules/.vite/deps/react-oidc-context.js?v=95bfeb26:3806
[   25060ms] [WARNING] AuthProvider context is undefined, please verify you are calling useAuth() as child of a <AuthProvider> component. @ http://localhost:3001/node_modules/.vite/deps/react-oidc-context.js?v=95bfeb26:3806
[   25428ms] [WARNING] AuthProvider context is undefined, please verify you are calling useAuth() as child of a <AuthProvider> component. @ http://localhost:3001/node_modules/.vite/deps/react-oidc-context.js?v=95bfeb26:3806
[   25428ms] [WARNING] AuthProvider context is undefined, please verify you are calling useAuth() as child of a <AuthProvider> component. @ http://localhost:3001/node_modules/.vite/deps/react-oidc-context.js?v=95bfeb26:3806
[   25429ms] [WARNING] AuthProvider context is undefined, please verify you are calling useAuth() as child of a <AuthProvider> component. @ http://localhost:3001/node_modules/.vite/deps/react-oidc-context.js?v=95bfeb26:3806
[   25454ms] [WARNING] AuthProvider context is undefined, please verify you are calling useAuth() as child of a <AuthProvider> component. @ http://localhost:3001/node_modules/.vite/deps/react-oidc-context.js?v=95bfeb26:3806
[   25454ms] [WARNING] AuthProvider context is undefined, please verify you are calling useAuth() as child of a <AuthProvider> component. @ http://localhost:3001/node_modules/.vite/deps/react-oidc-context.js?v=95bfeb26:3806
[   25530ms] [WARNING] AuthProvider context is undefined, please verify you are calling useAuth() as child of a <AuthProvider> component. @ http://localhost:3001/node_modules/.vite/deps/react-oidc-context.js?v=95bfeb26:3806
[   25531ms] [WARNING] AuthProvider context is undefined, please verify you are calling useAuth() as child of a <AuthProvider> component. @ http://localhost:3001/node_modules/.vite/deps/react-oidc-context.js?v=95bfeb26:3806
[   26108ms] [WARNING] AuthProvider context is undefined, please verify you are calling useAuth() as child of a <AuthProvider> component. @ http://localhost:3001/node_modules/.vite/deps/react-oidc-context.js?v=95bfeb26:3806
[   26108ms] [WARNING] AuthProvider context is undefined, please verify you are calling useAuth() as child of a <AuthProvider> component. @ http://localhost:3001/node_modules/.vite/deps/react-oidc-context.js?v=95bfeb26:3806
[   26123ms] [WARNING] AuthProvider context is undefined, please verify you are calling useAuth() as child of a <AuthProvider> component. @ http://localhost:3001/node_modules/.vite/deps/react-oidc-context.js?v=95bfeb26:3806
[   26123ms] [WARNING] AuthProvider context is undefined, please verify you are calling useAuth() as child of a <AuthProvider> component. @ http://localhost:3001/node_modules/.vite/deps/react-oidc-context.js?v=95bfeb26:3806
[   26139ms] [WARNING] AuthProvider context is undefined, please verify you are calling useAuth() as child of a <AuthProvider> component. @ http://localhost:3001/node_modules/.vite/deps/react-oidc-context.js?v=95bfeb26:3806
[   26139ms] [WARNING] AuthProvider context is undefined, please verify you are calling useAuth() as child of a <AuthProvider> component. @ http://localhost:3001/node_modules/.vite/deps/react-oidc-context.js?v=95bfeb26:3806
[   30672ms] [WARNING] AuthProvider context is undefined, please verify you are calling useAuth() as child of a <AuthProvider> component. @ http://localhost:3001/node_modules/.vite/deps/react-oidc-context.js?v=95bfeb26:3806
[   30720ms] [WARNING] AuthProvider context is undefined, please verify you are calling useAuth() as child of a <AuthProvider> component. @ http://localhost:3001/node_modules/.vite/deps/react-oidc-context.js?v=95bfeb26:3806
[   30720ms] [WARNING] AuthProvider context is undefined, please verify you are calling useAuth() as child of a <AuthProvider> component. @ http://localhost:3001/node_modules/.vite/deps/react-oidc-context.js?v=95bfeb26:3806
[   32837ms] [WARNING] AuthProvider context is undefined, please verify you are calling useAuth() as child of a <AuthProvider> component. @ http://localhost:3001/node_modules/.vite/deps/react-oidc-context.js?v=95bfeb26:3806
[   32884ms] [WARNING] AuthProvider context is undefined, please verify you are calling useAuth() as child of a <AuthProvider> component. @ http://localhost:3001/node_modules/.vite/deps/react-oidc-context.js?v=95bfeb26:3806
[   32884ms] [WARNING] AuthProvider context is undefined, please verify you are calling useAuth() as child of a <AuthProvider> component. @ http://localhost:3001/node_modules/.vite/deps/react-oidc-context.js?v=95bfeb26:3806
[   36549ms] [WARNING] AuthProvider context is undefined, please verify you are calling useAuth() as child of a <AuthProvider> component. @ http://localhost:3001/node_modules/.vite/deps/react-oidc-context.js?v=95bfeb26:3806
[   36550ms] [WARNING] AuthProvider context is undefined, please verify you are calling useAuth() as child of a <AuthProvider> component. @ http://localhost:3001/node_modules/.vite/deps/react-oidc-context.js?v=95bfeb26:3806
[   36564ms] [WARNING] AuthProvider context is undefined, please verify you are calling useAuth() as child of a <AuthProvider> component. @ http://localhost:3001/node_modules/.vite/deps/react-oidc-context.js?v=95bfeb26:3806
[   36564ms] [WARNING] AuthProvider context is undefined, please verify you are calling useAuth() as child of a <AuthProvider> component. @ http://localhost:3001/node_modules/.vite/deps/react-oidc-context.js?v=95bfeb26:3806
[   36597ms] [WARNING] AuthProvider context is undefined, please verify you are calling useAuth() as child of a <AuthProvider> component. @ http://localhost:3001/node_modules/.vite/deps/react-oidc-context.js?v=95bfeb26:3806
[   36597ms] [WARNING] AuthProvider context is undefined, please verify you are calling useAuth() as child of a <AuthProvider> component. @ http://localhost:3001/node_modules/.vite/deps/react-oidc-context.js?v=95bfeb26:3806
[   56145ms] [WARNING] AuthProvider context is undefined, please verify you are calling useAuth() as child of a <AuthProvider> component. @ http://localhost:3001/node_modules/.vite/deps/react-oidc-context.js?v=95bfeb26:3806
[   56159ms] [WARNING] AuthProvider context is undefined, please verify you are calling useAuth() as child of a <AuthProvider> component. @ http://localhost:3001/node_modules/.vite/deps/react-oidc-context.js?v=95bfeb26:3806
[   57831ms] [WARNING] AuthProvider context is undefined, please verify you are calling useAuth() as child of a <AuthProvider> component. @ http://localhost:3001/node_modules/.vite/deps/react-oidc-context.js?v=95bfeb26:3806
[   57844ms] [WARNING] AuthProvider context is undefined, please verify you are calling useAuth() as child of a <AuthProvider> component. @ http://localhost:3001/node_modules/.vite/deps/react-oidc-context.js?v=95bfeb26:3806
[   59038ms] [ERROR] MissingTranslationError: [@formatjs/intl Error MISSING_TRANSLATION] Missing message: "flexibleLineType_corridorService" for locale "en", using id as fallback.

    at new MissingTranslationError (http://localhost:3001/node_modules/.vite/deps/react-intl.js?v=95bfeb26:12110:5)
    at formatMessage (http://localhost:3001/node_modules/.vite/deps/react-intl.js?v=95bfeb26:12289:15)
    at formatMessage2 (http://localhost:3001/node_modules/.vite/deps/react-intl.js?v=95bfeb26:12880:18)
    at http://localhost:3001/src/components/FlexibleLineTypeSelector/FlexibleLineTypeSelector.tsx?t=1770393515650:26:14
    at Array.map (<anonymous>)
    at http://localhost:3001/src/components/FlexibleLineTypeSelector/FlexibleLineTypeSelector.tsx?t=1770393515650:24:36
    at FlexibleLineTypeSelector (http://localhost:3001/src/components/FlexibleLineTypeSelector/FlexibleLineTypeSelector.tsx?t=1770393515650:31:17)
    at Object.react_stack_bottom_frame (http://localhost:3001/node_modules/.vite/deps/react-dom_client.js?v=95bfeb26:18509:20)
    at renderWithHooks (http://localhost:3001/node_modules/.vite/deps/react-dom_client.js?v=95bfeb26:5654:24)
    at updateFunctionComponent (http://localhost:3001/node_modules/.vite/deps/react-dom_client.js?v=95bfeb26:7475:21) @ http://localhost:3001/node_modules/.vite/deps/react-intl.js?v=95bfeb26:12132
[   59039ms] [ERROR] MissingTranslationError: [@formatjs/intl Error MISSING_TRANSLATION] Missing message: "flexibleLineType_mainRouteWithFlexibleEnds" for locale "en", using id as fallback.

    at new MissingTranslationError (http://localhost:3001/node_modules/.vite/deps/react-intl.js?v=95bfeb26:12110:5)
    at formatMessage (http://localhost:3001/node_modules/.vite/deps/react-intl.js?v=95bfeb26:12289:15)
    at formatMessage2 (http://localhost:3001/node_modules/.vite/deps/react-intl.js?v=95bfeb26:12880:18)
    at http://localhost:3001/src/components/FlexibleLineTypeSelector/FlexibleLineTypeSelector.tsx?t=1770393515650:26:14
    at Array.map (<anonymous>)
    at http://localhost:3001/src/components/FlexibleLineTypeSelector/FlexibleLineTypeSelector.tsx?t=1770393515650:24:36
    at FlexibleLineTypeSelector (http://localhost:3001/src/components/FlexibleLineTypeSelector/FlexibleLineTypeSelector.tsx?t=1770393515650:31:17)
    at Object.react_stack_bottom_frame (http://localhost:3001/node_modules/.vite/deps/react-dom_client.js?v=95bfeb26:18509:20)
    at renderWithHooks (http://localhost:3001/node_modules/.vite/deps/react-dom_client.js?v=95bfeb26:5654:24)
    at updateFunctionComponent (http://localhost:3001/node_modules/.vite/deps/react-dom_client.js?v=95bfeb26:7475:21) @ http://localhost:3001/node_modules/.vite/deps/react-intl.js?v=95bfeb26:12132
[   59039ms] [ERROR] MissingTranslationError: [@formatjs/intl Error MISSING_TRANSLATION] Missing message: "flexibleLineType_hailAndRideSections" for locale "en", using id as fallback.

    at new MissingTranslationError (http://localhost:3001/node_modules/.vite/deps/react-intl.js?v=95bfeb26:12110:5)
    at formatMessage (http://localhost:3001/node_modules/.vite/deps/react-intl.js?v=95bfeb26:12289:15)
    at formatMessage2 (http://localhost:3001/node_modules/.vite/deps/react-intl.js?v=95bfeb26:12880:18)
    at http://localhost:3001/src/components/FlexibleLineTypeSelector/FlexibleLineTypeSelector.tsx?t=1770393515650:26:14
    at Array.map (<anonymous>)
    at http://localhost:3001/src/components/FlexibleLineTypeSelector/FlexibleLineTypeSelector.tsx?t=1770393515650:24:36
    at FlexibleLineTypeSelector (http://localhost:3001/src/components/FlexibleLineTypeSelector/FlexibleLineTypeSelector.tsx?t=1770393515650:31:17)
    at Object.react_stack_bottom_frame (http://localhost:3001/node_modules/.vite/deps/react-dom_client.js?v=95bfeb26:18509:20)
    at renderWithHooks (http://localhost:3001/node_modules/.vite/deps/react-dom_client.js?v=95bfeb26:5654:24)
    at updateFunctionComponent (http://localhost:3001/node_modules/.vite/deps/react-dom_client.js?v=95bfeb26:7475:21) @ http://localhost:3001/node_modules/.vite/deps/react-intl.js?v=95bfeb26:12132
[   59039ms] [ERROR] MissingTranslationError: [@formatjs/intl Error MISSING_TRANSLATION] Missing message: "flexibleLineType_fixedStopAreaWide" for locale "en", using id as fallback.

    at new MissingTranslationError (http://localhost:3001/node_modules/.vite/deps/react-intl.js?v=95bfeb26:12110:5)
    at formatMessage (http://localhost:3001/node_modules/.vite/deps/react-intl.js?v=95bfeb26:12289:15)
    at formatMessage2 (http://localhost:3001/node_modules/.vite/deps/react-intl.js?v=95bfeb26:12880:18)
    at http://localhost:3001/src/components/FlexibleLineTypeSelector/FlexibleLineTypeSelector.tsx?t=1770393515650:26:14
    at Array.map (<anonymous>)
    at http://localhost:3001/src/components/FlexibleLineTypeSelector/FlexibleLineTypeSelector.tsx?t=1770393515650:24:36
    at FlexibleLineTypeSelector (http://localhost:3001/src/components/FlexibleLineTypeSelector/FlexibleLineTypeSelector.tsx?t=1770393515650:31:17)
    at Object.react_stack_bottom_frame (http://localhost:3001/node_modules/.vite/deps/react-dom_client.js?v=95bfeb26:18509:20)
    at renderWithHooks (http://localhost:3001/node_modules/.vite/deps/react-dom_client.js?v=95bfeb26:5654:24)
    at updateFunctionComponent (http://localhost:3001/node_modules/.vite/deps/react-dom_client.js?v=95bfeb26:7475:21) @ http://localhost:3001/node_modules/.vite/deps/react-intl.js?v=95bfeb26:12132
[   59039ms] [ERROR] MissingTranslationError: [@formatjs/intl Error MISSING_TRANSLATION] Missing message: "flexibleLineType_mixedFlexibleAndFixed" for locale "en", using id as fallback.

    at new MissingTranslationError (http://localhost:3001/node_modules/.vite/deps/react-intl.js?v=95bfeb26:12110:5)
    at formatMessage (http://localhost:3001/node_modules/.vite/deps/react-intl.js?v=95bfeb26:12289:15)
    at formatMessage2 (http://localhost:3001/node_modules/.vite/deps/react-intl.js?v=95bfeb26:12880:18)
    at http://localhost:3001/src/components/FlexibleLineTypeSelector/FlexibleLineTypeSelector.tsx?t=1770393515650:26:14
    at Array.map (<anonymous>)
    at http://localhost:3001/src/components/FlexibleLineTypeSelector/FlexibleLineTypeSelector.tsx?t=1770393515650:24:36
    at FlexibleLineTypeSelector (http://localhost:3001/src/components/FlexibleLineTypeSelector/FlexibleLineTypeSelector.tsx?t=1770393515650:31:17)
    at Object.react_stack_bottom_frame (http://localhost:3001/node_modules/.vite/deps/react-dom_client.js?v=95bfeb26:18509:20)
    at renderWithHooks (http://localhost:3001/node_modules/.vite/deps/react-dom_client.js?v=95bfeb26:5654:24)
    at updateFunctionComponent (http://localhost:3001/node_modules/.vite/deps/react-dom_client.js?v=95bfeb26:7475:21) @ http://localhost:3001/node_modules/.vite/deps/react-intl.js?v=95bfeb26:12132
[   59046ms] [ERROR] MissingTranslationError: [@formatjs/intl Error MISSING_TRANSLATION] Missing message: "flexibleLineType_corridorService" for locale "en", using id as fallback.

    at new MissingTranslationError (http://localhost:3001/node_modules/.vite/deps/react-intl.js?v=95bfeb26:12110:5)
    at formatMessage (http://localhost:3001/node_modules/.vite/deps/react-intl.js?v=95bfeb26:12289:15)
    at formatMessage2 (http://localhost:3001/node_modules/.vite/deps/react-intl.js?v=95bfeb26:12880:18)
    at http://localhost:3001/src/components/FlexibleLineTypeSelector/FlexibleLineTypeDrawer.tsx?t=1770393515650:23:71
    at Array.map (<anonymous>)
    at FlexibleLineTypeDrawer (http://localhost:3001/src/components/FlexibleLineTypeSelector/FlexibleLineTypeDrawer.tsx?t=1770393515650:21:33)
    at Object.react_stack_bottom_frame (http://localhost:3001/node_modules/.vite/deps/react-dom_client.js?v=95bfeb26:18509:20)
    at renderWithHooks (http://localhost:3001/node_modules/.vite/deps/react-dom_client.js?v=95bfeb26:5654:24)
    at updateFunctionComponent (http://localhost:3001/node_modules/.vite/deps/react-dom_client.js?v=95bfeb26:7475:21)
    at beginWork (http://localhost:3001/node_modules/.vite/deps/react-dom_client.js?v=95bfeb26:8525:20) @ http://localhost:3001/node_modules/.vite/deps/react-intl.js?v=95bfeb26:12132
[   59047ms] [ERROR] MissingTranslationError: [@formatjs/intl Error MISSING_TRANSLATION] Missing message: "flexibleLineTypeDrawer_corridorService" for locale "en", using id as fallback.

    at new MissingTranslationError (http://localhost:3001/node_modules/.vite/deps/react-intl.js?v=95bfeb26:12110:5)
    at formatMessage (http://localhost:3001/node_modules/.vite/deps/react-intl.js?v=95bfeb26:12289:15)
    at formatMessage2 (http://localhost:3001/node_modules/.vite/deps/react-intl.js?v=95bfeb26:12880:18)
    at http://localhost:3001/src/components/FlexibleLineTypeSelector/FlexibleLineTypeDrawer.tsx?t=1770393515650:30:9
    at Array.map (<anonymous>)
    at FlexibleLineTypeDrawer (http://localhost:3001/src/components/FlexibleLineTypeSelector/FlexibleLineTypeDrawer.tsx?t=1770393515650:21:33)
    at Object.react_stack_bottom_frame (http://localhost:3001/node_modules/.vite/deps/react-dom_client.js?v=95bfeb26:18509:20)
    at renderWithHooks (http://localhost:3001/node_modules/.vite/deps/react-dom_client.js?v=95bfeb26:5654:24)
    at updateFunctionComponent (http://localhost:3001/node_modules/.vite/deps/react-dom_client.js?v=95bfeb26:7475:21)
    at beginWork (http://localhost:3001/node_modules/.vite/deps/react-dom_client.js?v=95bfeb26:8525:20) @ http://localhost:3001/node_modules/.vite/deps/react-intl.js?v=95bfeb26:12132
[   59047ms] [ERROR] MissingTranslationError: [@formatjs/intl Error MISSING_TRANSLATION] Missing message: "flexibleLineType_mainRouteWithFlexibleEnds" for locale "en", using id as fallback.

    at new MissingTranslationError (http://localhost:3001/node_modules/.vite/deps/react-intl.js?v=95bfeb26:12110:5)
    at formatMessage (http://localhost:3001/node_modules/.vite/deps/react-intl.js?v=95bfeb26:12289:15)
    at formatMessage2 (http://localhost:3001/node_modules/.vite/deps/react-intl.js?v=95bfeb26:12880:18)
    at http://localhost:3001/src/components/FlexibleLineTypeSelector/FlexibleLineTypeDrawer.tsx?t=1770393515650:23:71
    at Array.map (<anonymous>)
    at FlexibleLineTypeDrawer (http://localhost:3001/src/components/FlexibleLineTypeSelector/FlexibleLineTypeDrawer.tsx?t=1770393515650:21:33)
    at Object.react_stack_bottom_frame (http://localhost:3001/node_modules/.vite/deps/react-dom_client.js?v=95bfeb26:18509:20)
    at renderWithHooks (http://localhost:3001/node_modules/.vite/deps/react-dom_client.js?v=95bfeb26:5654:24)
    at updateFunctionComponent (http://localhost:3001/node_modules/.vite/deps/react-dom_client.js?v=95bfeb26:7475:21)
    at beginWork (http://localhost:3001/node_modules/.vite/deps/react-dom_client.js?v=95bfeb26:8525:20) @ http://localhost:3001/node_modules/.vite/deps/react-intl.js?v=95bfeb26:12132
[   59047ms] [ERROR] MissingTranslationError: [@formatjs/intl Error MISSING_TRANSLATION] Missing message: "flexibleLineType_hailAndRideSections" for locale "en", using id as fallback.

    at new MissingTranslationError (http://localhost:3001/node_modules/.vite/deps/react-intl.js?v=95bfeb26:12110:5)
    at formatMessage (http://localhost:3001/node_modules/.vite/deps/react-intl.js?v=95bfeb26:12289:15)
    at formatMessage2 (http://localhost:3001/node_modules/.vite/deps/react-intl.js?v=95bfeb26:12880:18)
    at http://localhost:3001/src/components/FlexibleLineTypeSelector/FlexibleLineTypeDrawer.tsx?t=1770393515650:23:71
    at Array.map (<anonymous>)
    at FlexibleLineTypeDrawer (http://localhost:3001/src/components/FlexibleLineTypeSelector/FlexibleLineTypeDrawer.tsx?t=1770393515650:21:33)
    at Object.react_stack_bottom_frame (http://localhost:3001/node_modules/.vite/deps/react-dom_client.js?v=95bfeb26:18509:20)
    at renderWithHooks (http://localhost:3001/node_modules/.vite/deps/react-dom_client.js?v=95bfeb26:5654:24)
    at updateFunctionComponent (http://localhost:3001/node_modules/.vite/deps/react-dom_client.js?v=95bfeb26:7475:21)
    at beginWork (http://localhost:3001/node_modules/.vite/deps/react-dom_client.js?v=95bfeb26:8525:20) @ http://localhost:3001/node_modules/.vite/deps/react-intl.js?v=95bfeb26:12132
[   59048ms] [ERROR] MissingTranslationError: [@formatjs/intl Error MISSING_TRANSLATION] Missing message: "flexibleLineType_fixedStopAreaWide" for locale "en", using id as fallback.

    at new MissingTranslationError (http://localhost:3001/node_modules/.vite/deps/react-intl.js?v=95bfeb26:12110:5)
    at formatMessage (http://localhost:3001/node_modules/.vite/deps/react-intl.js?v=95bfeb26:12289:15)
    at formatMessage2 (http://localhost:3001/node_modules/.vite/deps/react-intl.js?v=95bfeb26:12880:18)
    at http://localhost:3001/src/components/FlexibleLineTypeSelector/FlexibleLineTypeDrawer.tsx?t=1770393515650:23:71
    at Array.map (<anonymous>)
    at FlexibleLineTypeDrawer (http://localhost:3001/src/components/FlexibleLineTypeSelector/FlexibleLineTypeDrawer.tsx?t=1770393515650:21:33)
    at Object.react_stack_bottom_frame (http://localhost:3001/node_modules/.vite/deps/react-dom_client.js?v=95bfeb26:18509:20)
    at renderWithHooks (http://localhost:3001/node_modules/.vite/deps/react-dom_client.js?v=95bfeb26:5654:24)
    at updateFunctionComponent (http://localhost:3001/node_modules/.vite/deps/react-dom_client.js?v=95bfeb26:7475:21)
    at beginWork (http://localhost:3001/node_modules/.vite/deps/react-dom_client.js?v=95bfeb26:8525:20) @ http://localhost:3001/node_modules/.vite/deps/react-intl.js?v=95bfeb26:12132
[   59048ms] [ERROR] MissingTranslationError: [@formatjs/intl Error MISSING_TRANSLATION] Missing message: "flexibleLineType_mixedFlexibleAndFixed" for locale "en", using id as fallback.

    at new MissingTranslationError (http://localhost:3001/node_modules/.vite/deps/react-intl.js?v=95bfeb26:12110:5)
    at formatMessage (http://localhost:3001/node_modules/.vite/deps/react-intl.js?v=95bfeb26:12289:15)
    at formatMessage2 (http://localhost:3001/node_modules/.vite/deps/react-intl.js?v=95bfeb26:12880:18)
    at http://localhost:3001/src/components/FlexibleLineTypeSelector/FlexibleLineTypeDrawer.tsx?t=1770393515650:23:71
    at Array.map (<anonymous>)
    at FlexibleLineTypeDrawer (http://localhost:3001/src/components/FlexibleLineTypeSelector/FlexibleLineTypeDrawer.tsx?t=1770393515650:21:33)
    at Object.react_stack_bottom_frame (http://localhost:3001/node_modules/.vite/deps/react-dom_client.js?v=95bfeb26:18509:20)
    at renderWithHooks (http://localhost:3001/node_modules/.vite/deps/react-dom_client.js?v=95bfeb26:5654:24)
    at updateFunctionComponent (http://localhost:3001/node_modules/.vite/deps/react-dom_client.js?v=95bfeb26:7475:21)
    at beginWork (http://localhost:3001/node_modules/.vite/deps/react-dom_client.js?v=95bfeb26:8525:20) @ http://localhost:3001/node_modules/.vite/deps/react-intl.js?v=95bfeb26:12132
[   59049ms] [ERROR] MissingTranslationError: [@formatjs/intl Error MISSING_TRANSLATION] Missing message: "flexibleLineTypeDrawer_mixedFlexibleAndFixed" for locale "en", using id as fallback.

    at new MissingTranslationError (http://localhost:3001/node_modules/.vite/deps/react-intl.js?v=95bfeb26:12110:5)
    at formatMessage (http://localhost:3001/node_modules/.vite/deps/react-intl.js?v=95bfeb26:12289:15)
    at formatMessage2 (http://localhost:3001/node_modules/.vite/deps/react-intl.js?v=95bfeb26:12880:18)
    at http://localhost:3001/src/components/FlexibleLineTypeSelector/FlexibleLineTypeDrawer.tsx?t=1770393515650:30:9
    at Array.map (<anonymous>)
    at FlexibleLineTypeDrawer (http://localhost:3001/src/components/FlexibleLineTypeSelector/FlexibleLineTypeDrawer.tsx?t=1770393515650:21:33)
    at Object.react_stack_bottom_frame (http://localhost:3001/node_modules/.vite/deps/react-dom_client.js?v=95bfeb26:18509:20)
    at renderWithHooks (http://localhost:3001/node_modules/.vite/deps/react-dom_client.js?v=95bfeb26:5654:24)
    at updateFunctionComponent (http://localhost:3001/node_modules/.vite/deps/react-dom_client.js?v=95bfeb26:7475:21)
    at beginWork (http://localhost:3001/node_modules/.vite/deps/react-dom_client.js?v=95bfeb26:8525:20) @ http://localhost:3001/node_modules/.vite/deps/react-intl.js?v=95bfeb26:12132
[   67818ms] [ERROR] MissingTranslationError: [@formatjs/intl Error MISSING_TRANSLATION] Missing message: "flexibleLineType_corridorService" for locale "en", using id as fallback.

    at new MissingTranslationError (http://localhost:3001/node_modules/.vite/deps/react-intl.js?v=95bfeb26:12110:5)
    at formatMessage (http://localhost:3001/node_modules/.vite/deps/react-intl.js?v=95bfeb26:12289:15)
    at formatMessage2 (http://localhost:3001/node_modules/.vite/deps/react-intl.js?v=95bfeb26:12880:18)
    at http://localhost:3001/src/components/FlexibleLineTypeSelector/FlexibleLineTypeSelector.tsx?t=1770393515650:26:14
    at Array.map (<anonymous>)
    at http://localhost:3001/src/components/FlexibleLineTypeSelector/FlexibleLineTypeSelector.tsx?t=1770393515650:24:36
    at FlexibleLineTypeSelector (http://localhost:3001/src/components/FlexibleLineTypeSelector/FlexibleLineTypeSelector.tsx?t=1770393515650:31:17)
    at Object.react_stack_bottom_frame (http://localhost:3001/node_modules/.vite/deps/react-dom_client.js?v=95bfeb26:18509:20)
    at renderWithHooks (http://localhost:3001/node_modules/.vite/deps/react-dom_client.js?v=95bfeb26:5654:24)
    at updateFunctionComponent (http://localhost:3001/node_modules/.vite/deps/react-dom_client.js?v=95bfeb26:7475:21) @ http://localhost:3001/node_modules/.vite/deps/react-intl.js?v=95bfeb26:12132
[   67818ms] [ERROR] MissingTranslationError: [@formatjs/intl Error MISSING_TRANSLATION] Missing message: "flexibleLineType_mainRouteWithFlexibleEnds" for locale "en", using id as fallback.

    at new MissingTranslationError (http://localhost:3001/node_modules/.vite/deps/react-intl.js?v=95bfeb26:12110:5)
    at formatMessage (http://localhost:3001/node_modules/.vite/deps/react-intl.js?v=95bfeb26:12289:15)
    at formatMessage2 (http://localhost:3001/node_modules/.vite/deps/react-intl.js?v=95bfeb26:12880:18)
    at http://localhost:3001/src/components/FlexibleLineTypeSelector/FlexibleLineTypeSelector.tsx?t=1770393515650:26:14
    at Array.map (<anonymous>)
    at http://localhost:3001/src/components/FlexibleLineTypeSelector/FlexibleLineTypeSelector.tsx?t=1770393515650:24:36
    at FlexibleLineTypeSelector (http://localhost:3001/src/components/FlexibleLineTypeSelector/FlexibleLineTypeSelector.tsx?t=1770393515650:31:17)
    at Object.react_stack_bottom_frame (http://localhost:3001/node_modules/.vite/deps/react-dom_client.js?v=95bfeb26:18509:20)
    at renderWithHooks (http://localhost:3001/node_modules/.vite/deps/react-dom_client.js?v=95bfeb26:5654:24)
    at updateFunctionComponent (http://localhost:3001/node_modules/.vite/deps/react-dom_client.js?v=95bfeb26:7475:21) @ http://localhost:3001/node_modules/.vite/deps/react-intl.js?v=95bfeb26:12132
[   67818ms] [ERROR] MissingTranslationError: [@formatjs/intl Error MISSING_TRANSLATION] Missing message: "flexibleLineType_hailAndRideSections" for locale "en", using id as fallback.

    at new MissingTranslationError (http://localhost:3001/node_modules/.vite/deps/react-intl.js?v=95bfeb26:12110:5)
    at formatMessage (http://localhost:3001/node_modules/.vite/deps/react-intl.js?v=95bfeb26:12289:15)
    at formatMessage2 (http://localhost:3001/node_modules/.vite/deps/react-intl.js?v=95bfeb26:12880:18)
    at http://localhost:3001/src/components/FlexibleLineTypeSelector/FlexibleLineTypeSelector.tsx?t=1770393515650:26:14
    at Array.map (<anonymous>)
    at http://localhost:3001/src/components/FlexibleLineTypeSelector/FlexibleLineTypeSelector.tsx?t=1770393515650:24:36
    at FlexibleLineTypeSelector (http://localhost:3001/src/components/FlexibleLineTypeSelector/FlexibleLineTypeSelector.tsx?t=1770393515650:31:17)
    at Object.react_stack_bottom_frame (http://localhost:3001/node_modules/.vite/deps/react-dom_client.js?v=95bfeb26:18509:20)
    at renderWithHooks (http://localhost:3001/node_modules/.vite/deps/react-dom_client.js?v=95bfeb26:5654:24)
    at updateFunctionComponent (http://localhost:3001/node_modules/.vite/deps/react-dom_client.js?v=95bfeb26:7475:21) @ http://localhost:3001/node_modules/.vite/deps/react-intl.js?v=95bfeb26:12132
[   67818ms] [ERROR] MissingTranslationError: [@formatjs/intl Error MISSING_TRANSLATION] Missing message: "flexibleLineType_fixedStopAreaWide" for locale "en", using id as fallback.

    at new MissingTranslationError (http://localhost:3001/node_modules/.vite/deps/react-intl.js?v=95bfeb26:12110:5)
    at formatMessage (http://localhost:3001/node_modules/.vite/deps/react-intl.js?v=95bfeb26:12289:15)
    at formatMessage2 (http://localhost:3001/node_modules/.vite/deps/react-intl.js?v=95bfeb26:12880:18)
    at http://localhost:3001/src/components/FlexibleLineTypeSelector/FlexibleLineTypeSelector.tsx?t=1770393515650:26:14
    at Array.map (<anonymous>)
    at http://localhost:3001/src/components/FlexibleLineTypeSelector/FlexibleLineTypeSelector.tsx?t=1770393515650:24:36
    at FlexibleLineTypeSelector (http://localhost:3001/src/components/FlexibleLineTypeSelector/FlexibleLineTypeSelector.tsx?t=1770393515650:31:17)
    at Object.react_stack_bottom_frame (http://localhost:3001/node_modules/.vite/deps/react-dom_client.js?v=95bfeb26:18509:20)
    at renderWithHooks (http://localhost:3001/node_modules/.vite/deps/react-dom_client.js?v=95bfeb26:5654:24)
    at updateFunctionComponent (http://localhost:3001/node_modules/.vite/deps/react-dom_client.js?v=95bfeb26:7475:21) @ http://localhost:3001/node_modules/.vite/deps/react-intl.js?v=95bfeb26:12132
[   67819ms] [ERROR] MissingTranslationError: [@formatjs/intl Error MISSING_TRANSLATION] Missing message: "flexibleLineType_mixedFlexibleAndFixed" for locale "en", using id as fallback.

    at new MissingTranslationError (http://localhost:3001/node_modules/.vite/deps/react-intl.js?v=95bfeb26:12110:5)
    at formatMessage (http://localhost:3001/node_modules/.vite/deps/react-intl.js?v=95bfeb26:12289:15)
    at formatMessage2 (http://localhost:3001/node_modules/.vite/deps/react-intl.js?v=95bfeb26:12880:18)
    at http://localhost:3001/src/components/FlexibleLineTypeSelector/FlexibleLineTypeSelector.tsx?t=1770393515650:26:14
    at Array.map (<anonymous>)
    at http://localhost:3001/src/components/FlexibleLineTypeSelector/FlexibleLineTypeSelector.tsx?t=1770393515650:24:36
    at FlexibleLineTypeSelector (http://localhost:3001/src/components/FlexibleLineTypeSelector/FlexibleLineTypeSelector.tsx?t=1770393515650:31:17)
    at Object.react_stack_bottom_frame (http://localhost:3001/node_modules/.vite/deps/react-dom_client.js?v=95bfeb26:18509:20)
    at renderWithHooks (http://localhost:3001/node_modules/.vite/deps/react-dom_client.js?v=95bfeb26:5654:24)
    at updateFunctionComponent (http://localhost:3001/node_modules/.vite/deps/react-dom_client.js?v=95bfeb26:7475:21) @ http://localhost:3001/node_modules/.vite/deps/react-intl.js?v=95bfeb26:12132
[   67824ms] [ERROR] MissingTranslationError: [@formatjs/intl Error MISSING_TRANSLATION] Missing message: "flexibleLineType_corridorService" for locale "en", using id as fallback.

    at new MissingTranslationError (http://localhost:3001/node_modules/.vite/deps/react-intl.js?v=95bfeb26:12110:5)
    at formatMessage (http://localhost:3001/node_modules/.vite/deps/react-intl.js?v=95bfeb26:12289:15)
    at formatMessage2 (http://localhost:3001/node_modules/.vite/deps/react-intl.js?v=95bfeb26:12880:18)
    at http://localhost:3001/src/components/FlexibleLineTypeSelector/FlexibleLineTypeDrawer.tsx?t=1770393515650:23:71
    at Array.map (<anonymous>)
    at FlexibleLineTypeDrawer (http://localhost:3001/src/components/FlexibleLineTypeSelector/FlexibleLineTypeDrawer.tsx?t=1770393515650:21:33)
    at Object.react_stack_bottom_frame (http://localhost:3001/node_modules/.vite/deps/react-dom_client.js?v=95bfeb26:18509:20)
    at renderWithHooks (http://localhost:3001/node_modules/.vite/deps/react-dom_client.js?v=95bfeb26:5654:24)
    at updateFunctionComponent (http://localhost:3001/node_modules/.vite/deps/react-dom_client.js?v=95bfeb26:7475:21)
    at beginWork (http://localhost:3001/node_modules/.vite/deps/react-dom_client.js?v=95bfeb26:8525:20) @ http://localhost:3001/node_modules/.vite/deps/react-intl.js?v=95bfeb26:12132
[   67824ms] [ERROR] MissingTranslationError: [@formatjs/intl Error MISSING_TRANSLATION] Missing message: "flexibleLineTypeDrawer_corridorService" for locale "en", using id as fallback.

    at new MissingTranslationError (http://localhost:3001/node_modules/.vite/deps/react-intl.js?v=95bfeb26:12110:5)
    at formatMessage (http://localhost:3001/node_modules/.vite/deps/react-intl.js?v=95bfeb26:12289:15)
    at formatMessage2 (http://localhost:3001/node_modules/.vite/deps/react-intl.js?v=95bfeb26:12880:18)
    at http://localhost:3001/src/components/FlexibleLineTypeSelector/FlexibleLineTypeDrawer.tsx?t=1770393515650:30:9
    at Array.map (<anonymous>)
    at FlexibleLineTypeDrawer (http://localhost:3001/src/components/FlexibleLineTypeSelector/FlexibleLineTypeDrawer.tsx?t=1770393515650:21:33)
    at Object.react_stack_bottom_frame (http://localhost:3001/node_modules/.vite/deps/react-dom_client.js?v=95bfeb26:18509:20)
    at renderWithHooks (http://localhost:3001/node_modules/.vite/deps/react-dom_client.js?v=95bfeb26:5654:24)
    at updateFunctionComponent (http://localhost:3001/node_modules/.vite/deps/react-dom_client.js?v=95bfeb26:7475:21)
    at beginWork (http://localhost:3001/node_modules/.vite/deps/react-dom_client.js?v=95bfeb26:8525:20) @ http://localhost:3001/node_modules/.vite/deps/react-intl.js?v=95bfeb26:12132
[   67824ms] [ERROR] MissingTranslationError: [@formatjs/intl Error MISSING_TRANSLATION] Missing message: "flexibleLineType_mainRouteWithFlexibleEnds" for locale "en", using id as fallback.

    at new MissingTranslationError (http://localhost:3001/node_modules/.vite/deps/react-intl.js?v=95bfeb26:12110:5)
    at formatMessage (http://localhost:3001/node_modules/.vite/deps/react-intl.js?v=95bfeb26:12289:15)
    at formatMessage2 (http://localhost:3001/node_modules/.vite/deps/react-intl.js?v=95bfeb26:12880:18)
    at http://localhost:3001/src/components/FlexibleLineTypeSelector/FlexibleLineTypeDrawer.tsx?t=1770393515650:23:71
    at Array.map (<anonymous>)
    at FlexibleLineTypeDrawer (http://localhost:3001/src/components/FlexibleLineTypeSelector/FlexibleLineTypeDrawer.tsx?t=1770393515650:21:33)
    at Object.react_stack_bottom_frame (http://localhost:3001/node_modules/.vite/deps/react-dom_client.js?v=95bfeb26:18509:20)
    at renderWithHooks (http://localhost:3001/node_modules/.vite/deps/react-dom_client.js?v=95bfeb26:5654:24)
    at updateFunctionComponent (http://localhost:3001/node_modules/.vite/deps/react-dom_client.js?v=95bfeb26:7475:21)
    at beginWork (http://localhost:3001/node_modules/.vite/deps/react-dom_client.js?v=95bfeb26:8525:20) @ http://localhost:3001/node_modules/.vite/deps/react-intl.js?v=95bfeb26:12132
[   67825ms] [ERROR] MissingTranslationError: [@formatjs/intl Error MISSING_TRANSLATION] Missing message: "flexibleLineType_hailAndRideSections" for locale "en", using id as fallback.

    at new MissingTranslationError (http://localhost:3001/node_modules/.vite/deps/react-intl.js?v=95bfeb26:12110:5)
    at formatMessage (http://localhost:3001/node_modules/.vite/deps/react-intl.js?v=95bfeb26:12289:15)
    at formatMessage2 (http://localhost:3001/node_modules/.vite/deps/react-intl.js?v=95bfeb26:12880:18)
    at http://localhost:3001/src/components/FlexibleLineTypeSelector/FlexibleLineTypeDrawer.tsx?t=1770393515650:23:71
    at Array.map (<anonymous>)
    at FlexibleLineTypeDrawer (http://localhost:3001/src/components/FlexibleLineTypeSelector/FlexibleLineTypeDrawer.tsx?t=1770393515650:21:33)
    at Object.react_stack_bottom_frame (http://localhost:3001/node_modules/.vite/deps/react-dom_client.js?v=95bfeb26:18509:20)
    at renderWithHooks (http://localhost:3001/node_modules/.vite/deps/react-dom_client.js?v=95bfeb26:5654:24)
    at updateFunctionComponent (http://localhost:3001/node_modules/.vite/deps/react-dom_client.js?v=95bfeb26:7475:21)
    at beginWork (http://localhost:3001/node_modules/.vite/deps/react-dom_client.js?v=95bfeb26:8525:20) @ http://localhost:3001/node_modules/.vite/deps/react-intl.js?v=95bfeb26:12132
[   67825ms] [ERROR] MissingTranslationError: [@formatjs/intl Error MISSING_TRANSLATION] Missing message: "flexibleLineType_fixedStopAreaWide" for locale "en", using id as fallback.

    at new MissingTranslationError (http://localhost:3001/node_modules/.vite/deps/react-intl.js?v=95bfeb26:12110:5)
    at formatMessage (http://localhost:3001/node_modules/.vite/deps/react-intl.js?v=95bfeb26:12289:15)
    at formatMessage2 (http://localhost:3001/node_modules/.vite/deps/react-intl.js?v=95bfeb26:12880:18)
    at http://localhost:3001/src/components/FlexibleLineTypeSelector/FlexibleLineTypeDrawer.tsx?t=1770393515650:23:71
    at Array.map (<anonymous>)
    at FlexibleLineTypeDrawer (http://localhost:3001/src/components/FlexibleLineTypeSelector/FlexibleLineTypeDrawer.tsx?t=1770393515650:21:33)
    at Object.react_stack_bottom_frame (http://localhost:3001/node_modules/.vite/deps/react-dom_client.js?v=95bfeb26:18509:20)
    at renderWithHooks (http://localhost:3001/node_modules/.vite/deps/react-dom_client.js?v=95bfeb26:5654:24)
    at updateFunctionComponent (http://localhost:3001/node_modules/.vite/deps/react-dom_client.js?v=95bfeb26:7475:21)
    at beginWork (http://localhost:3001/node_modules/.vite/deps/react-dom_client.js?v=95bfeb26:8525:20) @ http://localhost:3001/node_modules/.vite/deps/react-intl.js?v=95bfeb26:12132
[   67825ms] [ERROR] MissingTranslationError: [@formatjs/intl Error MISSING_TRANSLATION] Missing message: "flexibleLineType_mixedFlexibleAndFixed" for locale "en", using id as fallback.

    at new MissingTranslationError (http://localhost:3001/node_modules/.vite/deps/react-intl.js?v=95bfeb26:12110:5)
    at formatMessage (http://localhost:3001/node_modules/.vite/deps/react-intl.js?v=95bfeb26:12289:15)
    at formatMessage2 (http://localhost:3001/node_modules/.vite/deps/react-intl.js?v=95bfeb26:12880:18)
    at http://localhost:3001/src/components/FlexibleLineTypeSelector/FlexibleLineTypeDrawer.tsx?t=1770393515650:23:71
    at Array.map (<anonymous>)
    at FlexibleLineTypeDrawer (http://localhost:3001/src/components/FlexibleLineTypeSelector/FlexibleLineTypeDrawer.tsx?t=1770393515650:21:33)
    at Object.react_stack_bottom_frame (http://localhost:3001/node_modules/.vite/deps/react-dom_client.js?v=95bfeb26:18509:20)
    at renderWithHooks (http://localhost:3001/node_modules/.vite/deps/react-dom_client.js?v=95bfeb26:5654:24)
    at updateFunctionComponent (http://localhost:3001/node_modules/.vite/deps/react-dom_client.js?v=95bfeb26:7475:21)
    at beginWork (http://localhost:3001/node_modules/.vite/deps/react-dom_client.js?v=95bfeb26:8525:20) @ http://localhost:3001/node_modules/.vite/deps/react-intl.js?v=95bfeb26:12132
[   67826ms] [ERROR] MissingTranslationError: [@formatjs/intl Error MISSING_TRANSLATION] Missing message: "flexibleLineTypeDrawer_mixedFlexibleAndFixed" for locale "en", using id as fallback.

    at new MissingTranslationError (http://localhost:3001/node_modules/.vite/deps/react-intl.js?v=95bfeb26:12110:5)
    at formatMessage (http://localhost:3001/node_modules/.vite/deps/react-intl.js?v=95bfeb26:12289:15)
    at formatMessage2 (http://localhost:3001/node_modules/.vite/deps/react-intl.js?v=95bfeb26:12880:18)
    at http://localhost:3001/src/components/FlexibleLineTypeSelector/FlexibleLineTypeDrawer.tsx?t=1770393515650:30:9
    at Array.map (<anonymous>)
    at FlexibleLineTypeDrawer (http://localhost:3001/src/components/FlexibleLineTypeSelector/FlexibleLineTypeDrawer.tsx?t=1770393515650:21:33)
    at Object.react_stack_bottom_frame (http://localhost:3001/node_modules/.vite/deps/react-dom_client.js?v=95bfeb26:18509:20)
    at renderWithHooks (http://localhost:3001/node_modules/.vite/deps/react-dom_client.js?v=95bfeb26:5654:24)
    at updateFunctionComponent (http://localhost:3001/node_modules/.vite/deps/react-dom_client.js?v=95bfeb26:7475:21)
    at beginWork (http://localhost:3001/node_modules/.vite/deps/react-dom_client.js?v=95bfeb26:8525:20) @ http://localhost:3001/node_modules/.vite/deps/react-intl.js?v=95bfeb26:12132
