[     521ms] [WARNING] AuthProvider context is undefined, please verify you are calling useAuth() as child of a <AuthProvider> component. @ http://localhost:3001/node_modules/.vite/deps/react-oidc-context.js?v=95bfeb26:3806
[     522ms] [WARNING] AuthProvider context is undefined, please verify you are calling useAuth() as child of a <AuthProvider> component. @ http://localhost:3001/node_modules/.vite/deps/react-oidc-context.js?v=95bfeb26:3806
[     522ms] [WARNING] AuthProvider context is undefined, please verify you are calling useAuth() as child of a <AuthProvider> component. @ http://localhost:3001/node_modules/.vite/deps/react-oidc-context.js?v=95bfeb26:3806
[     523ms] [WARNING] AuthProvider context is undefined, please verify you are calling useAuth() as child of a <AuthProvider> component. @ http://localhost:3001/node_modules/.vite/deps/react-oidc-context.js?v=95bfeb26:3806
[     523ms] [WARNING] AuthProvider context is undefined, please verify you are calling useAuth() as child of a <AuthProvider> component. @ http://localhost:3001/node_modules/.vite/deps/react-oidc-context.js?v=95bfeb26:3806
[     530ms] [WARNING] AuthProvider context is undefined, please verify you are calling useAuth() as child of a <AuthProvider> component. @ http://localhost:3001/node_modules/.vite/deps/react-oidc-context.js?v=95bfeb26:3806
[     532ms] [WARNING] AuthProvider context is undefined, please verify you are calling useAuth() as child of a <AuthProvider> component. @ http://localhost:3001/node_modules/.vite/deps/react-oidc-context.js?v=95bfeb26:3806
[   11683ms] [WARNING] AuthProvider context is undefined, please verify you are calling useAuth() as child of a <AuthProvider> component. @ http://localhost:3001/node_modules/.vite/deps/react-oidc-context.js?v=95bfeb26:3806
[   23383ms] [WARNING] AuthProvider context is undefined, please verify you are calling useAuth() as child of a <AuthProvider> component. @ http://localhost:3001/node_modules/.vite/deps/react-oidc-context.js?v=95bfeb26:3806
[  308191ms] [ERROR] Failed to load resource: the server responded with a status of 500 (Internal Server Error) @ http://localhost:3001/src/components/DayTypesEditor/DayTypeAssignmentsEditor.tsx?t=1770450480676:0
[  308191ms] [ERROR] [vite] Failed to reload /src/components/DayTypesEditor/DayTypeAssignmentsEditor.tsx. This could be due to syntax errors or importing non-existent modules. (see errors above) @ http://localhost:3001/@vite/client:808
[  321395ms] [ERROR] Failed to load resource: the server responded with a status of 500 (Internal Server Error) @ http://localhost:3001/src/components/GeneralLineEditor/VehicleSubModeDropdown.tsx?t=1770450493883:0
[  321395ms] [ERROR] [vite] Failed to reload /src/components/GeneralLineEditor/VehicleSubModeDropdown.tsx. This could be due to syntax errors or importing non-existent modules. (see errors above) @ http://localhost:3001/@vite/client:808
[  323515ms] [ERROR] Failed to load resource: the server responded with a status of 500 (Internal Server Error) @ http://localhost:3001/src/scenes/DayTypes/Editor/DayTypeForm.tsx?t=1770450496002:0
[  323515ms] [ERROR] [vite] Failed to reload /src/scenes/DayTypes/Editor/DayTypeForm.tsx. This could be due to syntax errors or importing non-existent modules. (see errors above) @ http://localhost:3001/@vite/client:808
[  325816ms] [ERROR] Failed to load resource: the server responded with a status of 500 (Internal Server Error) @ http://localhost:3001/src/scenes/Providers/LineMigration/index.tsx?t=1770450498293:0
[  325817ms] [ERROR] [vite] Failed to reload /src/scenes/Providers/LineMigration/index.tsx. This could be due to syntax errors or importing non-existent modules. (see errors above) @ http://localhost:3001/@vite/client:808
[  326977ms] [ERROR] Failed to load resource: the server responded with a status of 500 (Internal Server Error) @ http://localhost:3001/src/scenes/Providers/LineMigration/index.tsx?t=1770450499455:0
[  326977ms] [ERROR] [vite] Failed to reload /src/scenes/Providers/LineMigration/index.tsx. This could be due to syntax errors or importing non-existent modules. (see errors above) @ http://localhost:3001/@vite/client:808
[  329207ms] [ERROR] Failed to load resource: the server responded with a status of 500 (Internal Server Error) @ http://localhost:3001/src/scenes/Providers/LineMigration/index.tsx?t=1770450501689:0
[  329208ms] [ERROR] [vite] Failed to reload /src/scenes/Providers/LineMigration/index.tsx. This could be due to syntax errors or importing non-existent modules. (see errors above) @ http://localhost:3001/@vite/client:808
[  331391ms] [ERROR] Failed to load resource: the server responded with a status of 500 (Internal Server Error) @ http://localhost:3001/src/components/FlexibleLineTypeSelector/FlexibleLineTypeDrawer.tsx?t=1770450503880:0
[  331392ms] [ERROR] [vite] Failed to reload /src/components/FlexibleLineTypeSelector/FlexibleLineTypeDrawer.tsx. This could be due to syntax errors or importing non-existent modules. (see errors above) @ http://localhost:3001/@vite/client:808
[  333405ms] [ERROR] Failed to load resource: the server responded with a status of 500 (Internal Server Error) @ http://localhost:3001/src/components/DayTypesEditor/DayTypeEditor.tsx?t=1770450505891:0
[  333406ms] [ERROR] [vite] Failed to reload /src/components/DayTypesEditor/DayTypeEditor.tsx. This could be due to syntax errors or importing non-existent modules. (see errors above) @ http://localhost:3001/@vite/client:808
