[    1124ms] [WARNING] AuthProvider context is undefined, please verify you are calling useAuth() as child of a <AuthProvider> component. @ http://localhost:3001/node_modules/.vite/deps/react-oidc-context.js?v=53501142:3806
[    1125ms] [WARNING] AuthProvider context is undefined, please verify you are calling useAuth() as child of a <AuthProvider> component. @ http://localhost:3001/node_modules/.vite/deps/react-oidc-context.js?v=53501142:3806
[    1125ms] [WARNING] AuthProvider context is undefined, please verify you are calling useAuth() as child of a <AuthProvider> component. @ http://localhost:3001/node_modules/.vite/deps/react-oidc-context.js?v=53501142:3806
[    1127ms] [WARNING] AuthProvider context is undefined, please verify you are calling useAuth() as child of a <AuthProvider> component. @ http://localhost:3001/node_modules/.vite/deps/react-oidc-context.js?v=53501142:3806
[    1129ms] [WARNING] AuthProvider context is undefined, please verify you are calling useAuth() as child of a <AuthProvider> component. @ http://localhost:3001/node_modules/.vite/deps/react-oidc-context.js?v=53501142:3806
[    1136ms] [WARNING] AuthProvider context is undefined, please verify you are calling useAuth() as child of a <AuthProvider> component. @ http://localhost:3001/node_modules/.vite/deps/react-oidc-context.js?v=53501142:3806
[    1237ms] [WARNING] AuthProvider context is undefined, please verify you are calling useAuth() as child of a <AuthProvider> component. @ http://localhost:3001/node_modules/.vite/deps/react-oidc-context.js?v=53501142:3806
[    1237ms] [WARNING] AuthProvider context is undefined, please verify you are calling useAuth() as child of a <AuthProvider> component. @ http://localhost:3001/node_modules/.vite/deps/react-oidc-context.js?v=53501142:3806
[   26448ms] [WARNING] AuthProvider context is undefined, please verify you are calling useAuth() as child of a <AuthProvider> component. @ http://localhost:3001/node_modules/.vite/deps/react-oidc-context.js?v=53501142:3806
[   26449ms] [WARNING] AuthProvider context is undefined, please verify you are calling useAuth() as child of a <AuthProvider> component. @ http://localhost:3001/node_modules/.vite/deps/react-oidc-context.js?v=53501142:3806
[   26449ms] [WARNING] AuthProvider context is undefined, please verify you are calling useAuth() as child of a <AuthProvider> component. @ http://localhost:3001/node_modules/.vite/deps/react-oidc-context.js?v=53501142:3806
[   26449ms] [WARNING] AuthProvider context is undefined, please verify you are calling useAuth() as child of a <AuthProvider> component. @ http://localhost:3001/node_modules/.vite/deps/react-oidc-context.js?v=53501142:3806
[   33402ms] [ERROR] A component is changing an uncontrolled input to be controlled. This is likely caused by the value changing from undefined to a defined value, which should not happen. Decide between using a controlled or uncontrolled input element for the lifetime of the component. More info: https://react.dev/link/controlled-components @ http://localhost:3001/node_modules/.vite/deps/react-dom_client.js?v=53501142:14863
[  241092ms] [ERROR] Failed to load resource: the server responded with a status of 500 (Internal Server Error) @ http://localhost:3001/src/components/GeneralLineEditor/index.tsx?t=1770409398321:0
[  241093ms] [ERROR] [vite] Failed to reload /src/scenes/FlexibleLineEditor/FlexibleLineEditorSteps.tsx. This could be due to syntax errors or importing non-existent modules. (see errors above) @ http://localhost:3001/@vite/client:808
[  241094ms] [ERROR] [vite] Failed to reload /src/scenes/LineEditor/LineEditorSteps.tsx. This could be due to syntax errors or importing non-existent modules. (see errors above) @ http://localhost:3001/@vite/client:808
[  245419ms] [ERROR] Failed to load resource: the server responded with a status of 500 (Internal Server Error) @ http://localhost:3001/src/components/GeneralLineEditor/index.tsx?t=1770409402664:0
[  245420ms] [ERROR] [vite] Failed to reload /src/scenes/FlexibleLineEditor/FlexibleLineEditorSteps.tsx. This could be due to syntax errors or importing non-existent modules. (see errors above) @ http://localhost:3001/@vite/client:808
[  245420ms] [ERROR] [vite] Failed to reload /src/scenes/LineEditor/LineEditorSteps.tsx. This could be due to syntax errors or importing non-existent modules. (see errors above) @ http://localhost:3001/@vite/client:808
[  248799ms] [ERROR] Failed to load resource: the server responded with a status of 500 (Internal Server Error) @ http://localhost:3001/src/components/GeneralLineEditor/index.tsx?t=1770409406047:0
[  248800ms] [ERROR] [vite] Failed to reload /src/scenes/FlexibleLineEditor/FlexibleLineEditorSteps.tsx. This could be due to syntax errors or importing non-existent modules. (see errors above) @ http://localhost:3001/@vite/client:808
[  248801ms] [ERROR] [vite] Failed to reload /src/scenes/LineEditor/LineEditorSteps.tsx. This could be due to syntax errors or importing non-existent modules. (see errors above) @ http://localhost:3001/@vite/client:808
[  250257ms] [ERROR] [vite] Failed to reload /src/scenes/FlexibleLineEditor/index.tsx. This could be due to syntax errors or importing non-existent modules. (see errors above) @ http://localhost:3001/@vite/client:808
[  250271ms] [ERROR] [vite] Failed to reload /src/scenes/App/Routes.tsx. This could be due to syntax errors or importing non-existent modules. (see errors above) @ http://localhost:3001/@vite/client:808
[  253542ms] [ERROR] Failed to load resource: the server responded with a status of 500 (Internal Server Error) @ http://localhost:3001/src/components/GeneralLineEditor/index.tsx?t=1770409410793:0
[  253542ms] [ERROR] [vite] Failed to reload /src/scenes/LineEditor/LineEditorSteps.tsx. This could be due to syntax errors or importing non-existent modules. (see errors above) @ http://localhost:3001/@vite/client:808
[  253543ms] [ERROR] [vite] Failed to reload /src/scenes/FlexibleLineEditor/FlexibleLineEditorSteps.tsx. This could be due to syntax errors or importing non-existent modules. (see errors above) @ http://localhost:3001/@vite/client:808
[  254573ms] [ERROR] [vite] Failed to reload /src/scenes/FlexibleLineEditor/index.tsx. This could be due to syntax errors or importing non-existent modules. (see errors above) @ http://localhost:3001/@vite/client:808
[  254574ms] [ERROR] [vite] Failed to reload /src/scenes/App/Routes.tsx. This could be due to syntax errors or importing non-existent modules. (see errors above) @ http://localhost:3001/@vite/client:808
[  254582ms] [ERROR] Failed to load resource: the server responded with a status of 500 (Internal Server Error) @ http://localhost:3001/src/components/LineEditorStepper/index.tsx?t=1770409411836:0
[  255421ms] [WARNING] [MSW] Warning: intercepted a request without a matching request handler:

  • GET /__open-in-editor?file=%2FUsers%2Ftestower%2FDeveloper%2Fgithub%2Fentur%2Fenki%2Fnode_modules%2F%40babel%2Fparser%2Flib%2Findex.js%3A13297%3A10

If you still wish to intercept this unhandled request, please create a request handler for it.
Read more: https://mswjs.io/docs/http/intercepting-requests @ http://localhost:3001/node_modules/.vite/deps/chunk-7IC55IVK.js?v=53501142:96
[  257132ms] [ERROR] Failed to load resource: the server responded with a status of 500 (Internal Server Error) @ http://localhost:3001/src/components/GeneralLineEditor/index.tsx?t=1770409414367:0
[  257133ms] [ERROR] [vite] Failed to reload /src/scenes/LineEditor/LineEditorSteps.tsx. This could be due to syntax errors or importing non-existent modules. (see errors above) @ http://localhost:3001/@vite/client:808
[  257133ms] [ERROR] [vite] Failed to reload /src/scenes/FlexibleLineEditor/FlexibleLineEditorSteps.tsx. This could be due to syntax errors or importing non-existent modules. (see errors above) @ http://localhost:3001/@vite/client:808
[  258045ms] [ERROR] [vite] Failed to reload /src/scenes/FlexibleLineEditor/index.tsx. This could be due to syntax errors or importing non-existent modules. (see errors above) @ http://localhost:3001/@vite/client:808
[  258048ms] [ERROR] [vite] Failed to reload /src/scenes/App/Routes.tsx. This could be due to syntax errors or importing non-existent modules. (see errors above) @ http://localhost:3001/@vite/client:808
